<?xml version="1.0" encoding="UTF-8"?>
<robot generator="Robot 7.0 (Python 3.12.3 on linux)" generated="2024-05-07T11:26:26.234536" rpa="false" schemaversion="5">
<suite id="s1" name="Departamento" source="/home/sami/meustestesacademy/APIacademymeuteste/tests/departamento.robot">
<test id="s1-t1" name="CT10 - department ja cadastrado" line="60">
<kw name="Create API Session" owner="API">
<kw name="Create Dictionary" owner="BuiltIn">
<msg time="2024-05-07T11:26:26.990445" level="INFO">${headers} = {'accept': 'application/json', 'Content-Type': 'application/json'}</msg>
<var>${headers}</var>
<arg>accept=application/json</arg>
<arg>Content-Type=application/json</arg>
<doc>Creates and returns a dictionary based on the given ``items``.</doc>
<status status="PASS" start="2024-05-07T11:26:26.990100" elapsed="0.001037"/>
</kw>
<kw name="Create Session" owner="RequestsLibrary">
<msg time="2024-05-07T11:26:26.991869" level="INFO">Creating Session using : alias=APITheOriginals, url=https://the-originals.qacoders-academy.com.br, headers={'accept': 'application/json', 'Content-Type': 'application/json'},                     cookies={}, auth=None, timeout=None, proxies=None, verify=False,                     debug=0 </msg>
<arg>alias=APITheOriginals</arg>
<arg>url=https://the-originals.qacoders-academy.com.br</arg>
<arg>headers=${headers}</arg>
<doc>Create Session: create a HTTP session to a server</doc>
<status status="PASS" start="2024-05-07T11:26:26.991396" elapsed="0.000846"/>
</kw>
<status status="PASS" start="2024-05-07T11:26:26.989177" elapsed="0.003211"/>
</kw>
<kw name="Login de acesso" owner="API">
<kw name="Create Dictionary" owner="BuiltIn">
<msg time="2024-05-07T11:26:26.993472" level="INFO">${body} = {'mail': 'sysadmin@qacoders.com', 'password': '1234@Test'}</msg>
<var>${body}</var>
<arg>mail=${mail}</arg>
<arg>password=${password}</arg>
<doc>Creates and returns a dictionary based on the given ``items``.</doc>
<status status="PASS" start="2024-05-07T11:26:26.993160" elapsed="0.000431"/>
</kw>
<kw name="Log" owner="BuiltIn">
<msg time="2024-05-07T11:26:26.993999" level="INFO">{'mail': 'sysadmin@qacoders.com', 'password': '1234@Test'}</msg>
<arg>${body}</arg>
<doc>Logs the given message with the given level.</doc>
<status status="PASS" start="2024-05-07T11:26:26.993787" elapsed="0.000339"/>
</kw>
<kw name="Create API Session" owner="API">
<kw name="Create Dictionary" owner="BuiltIn">
<msg time="2024-05-07T11:26:26.994865" level="INFO">${headers} = {'accept': 'application/json', 'Content-Type': 'application/json'}</msg>
<var>${headers}</var>
<arg>accept=application/json</arg>
<arg>Content-Type=application/json</arg>
<doc>Creates and returns a dictionary based on the given ``items``.</doc>
<status status="PASS" start="2024-05-07T11:26:26.994661" elapsed="0.000289"/>
</kw>
<kw name="Create Session" owner="RequestsLibrary">
<msg time="2024-05-07T11:26:26.995282" level="INFO">Creating Session using : alias=APITheOriginals, url=https://the-originals.qacoders-academy.com.br, headers={'accept': 'application/json', 'Content-Type': 'application/json'},                     cookies={}, auth=None, timeout=None, proxies=None, verify=False,                     debug=0 </msg>
<arg>alias=APITheOriginals</arg>
<arg>url=https://the-originals.qacoders-academy.com.br</arg>
<arg>headers=${headers}</arg>
<doc>Create Session: create a HTTP session to a server</doc>
<status status="PASS" start="2024-05-07T11:26:26.995073" elapsed="0.000392"/>
</kw>
<status status="PASS" start="2024-05-07T11:26:26.994303" elapsed="0.001278"/>
</kw>
<kw name="POST On Session" owner="RequestsLibrary">
<msg time="2024-05-07T11:26:27.252702" level="INFO">POST Request : url=https://the-originals.qacoders-academy.com.br/api/login 
 path_url=/api/login 
 headers={'User-Agent': 'python-requests/2.31.0', 'Accept-Encoding': 'gzip, deflate, br', 'accept': 'application/json', 'Connection': 'keep-alive', 'Content-Type': 'application/json', 'Content-Length': '58'} 
 body=b'{"mail": "sysadmin@qacoders.com", "password": "1234@Test"}' 
 </msg>
<msg time="2024-05-07T11:26:27.253303" level="INFO">POST Response : url=https://the-originals.qacoders-academy.com.br/api/login 
 status=200, reason=OK 
 headers={'Server': 'nginx/1.18.0 (Ubuntu)', 'Date': 'Tue, 07 May 2024 14:26:44 GMT', 'Content-Type': 'application/json; charset=utf-8', 'Transfer-Encoding': 'chunked', 'Connection': 'keep-alive', 'X-Powered-By': 'Express', 'Access-Control-Allow-Origin': '*', 'Access-Control-Allow-Methods': 'GET, POST, OPTIONS, PUT, PATCH, DELETE', 'Access-Control-Allow-Headers': 'Origin, X-Requested-With, Content-Type, Accept, Authorization', 'ETag': 'W/"534-CCh3EonD1pbZt+LaJ1kMcUpUTgA"', 'Content-Encoding': 'gzip'} 
 body={"msg":"Olá Qa-Coders-SYSADMIN, autenticação autorizada com sucesso!","user":{"_id":"65330c1efb8f3dad13a6808b","fullName":"Qa-Coders-SYSADMIN","mail":"sysadmin@qacoders.com","password":"$2b$10$3kC10vu/EjMoRQUmqQq/H.7crWYIIBcBDT2g4RU0BQ4mrRi4JExOu","accessProfile":"SYSADMIN","cpf":"11111111111","status":true,"audit":[{"registeredBy":{"userId":"111111111111111111","userLogin":"sysadmin@qacoders.com"},"registrationDate":"sexta-feira, 20/10/2023, 20:24:14 BRT","registrationNumber":"01","companyId":"Qa.Coders","_id":"65330c1efb8f3dad13a6808c"}],"__v":0},"token":"eyJhbGciOiJIUzI1NiIsInR5cCI6IkpXVCJ9.eyJfaWQiOiI2NTMzMGMxZWZiOGYzZGFkMTNhNjgwOGIiLCJmdWxsTmFtZSI6IlFhLUNvZGVycy1TWVNBRE1JTiIsIm1haWwiOiJzeXNhZG1pbkBxYWNvZGVycy5jb20iLCJwYXNzd29yZCI6IiQyYiQxMCQza0MxMHZ1L0VqTW9SUVVtcVFxL0guN2NyV1lJSUJjQkRUMmc0UlUwQlE0bXJSaTRKRXhPdSIsImFjY2Vzc1Byb2ZpbGUiOiJTWVNBRE1JTiIsImNwZiI6IjExMTExMTExMTExIiwic3RhdHVzIjp0cnVlLCJhdWRpdCI6W3sicmVnaXN0ZXJlZEJ5Ijp7InVzZXJJZCI6IjExMTExMTExMTExMTExMTExMSIsInVzZXJMb2dpbiI6InN5c2FkbWluQHFhY29kZXJzLmNvbSJ9LCJyZWdpc3RyYXRpb25EYXRlIjoic2V4dGEtZmVpcmEsIDIwLzEwLzIwMjMsIDIwOjI0OjE0IEJSVCIsInJlZ2lzdHJhdGlvbk51bWJlciI6IjAxIiwiY29tcGFueUlkIjoiUWEuQ29kZXJzIiwiX2lkIjoiNjUzMzBjMWVmYjhmM2RhZDEzYTY4MDhjIn1dLCJfX3YiOjAsImlhdCI6MTcxNTA5MjAwNCwiZXhwIjoxNzE1MTc4NDA0fQ.BzVsOEN_aL6c2nAxp9v-KTlvFpgTQLSqj9mrO4NGNMs"} 
 </msg>
<msg time="2024-05-07T11:26:27.253670" level="INFO">/usr/lib/python3.12/site-packages/urllib3/connectionpool.py:1061: InsecureRequestWarning: Unverified HTTPS request is being made to host 'the-originals.qacoders-academy.com.br'. Adding certificate verification is strongly advised. See: https://urllib3.readthedocs.io/en/1.26.x/advanced-usage.html#ssl-warnings
  warnings.warn(</msg>
<msg time="2024-05-07T11:26:27.254056" level="INFO">${response} = &lt;Response [200]&gt;</msg>
<var>${response}</var>
<arg>alias=APITheOriginals</arg>
<arg>url=/api/login</arg>
<arg>json=${body}</arg>
<doc>Sends a POST request on a previously created HTTP Session.</doc>
<status status="PASS" start="2024-05-07T11:26:26.995700" elapsed="0.258553"/>
</kw>
<kw name="Log" owner="BuiltIn">
<msg time="2024-05-07T11:26:27.256320" level="INFO">{'msg': 'Olá Qa-Coders-SYSADMIN, autenticação autorizada com sucesso!', 'user': {'_id': '65330c1efb8f3dad13a6808b', 'fullName': 'Qa-Coders-SYSADMIN', 'mail': 'sysadmin@qacoders.com', 'password': '$2b$10$3kC10vu/EjMoRQUmqQq/H.7crWYIIBcBDT2g4RU0BQ4mrRi4JExOu', 'accessProfile': 'SYSADMIN', 'cpf': '11111111111', 'status': True, 'audit': [{'registeredBy': {'userId': '111111111111111111', 'userLogin': 'sysadmin@qacoders.com'}, 'registrationDate': 'sexta-feira, 20/10/2023, 20:24:14 BRT', 'registrationNumber': '01', 'companyId': 'Qa.Coders', '_id': '65330c1efb8f3dad13a6808c'}], '__v': 0}, 'token': 'eyJhbGciOiJIUzI1NiIsInR5cCI6IkpXVCJ9.eyJfaWQiOiI2NTMzMGMxZWZiOGYzZGFkMTNhNjgwOGIiLCJmdWxsTmFtZSI6IlFhLUNvZGVycy1TWVNBRE1JTiIsIm1haWwiOiJzeXNhZG1pbkBxYWNvZGVycy5jb20iLCJwYXNzd29yZCI6IiQyYiQxMCQza0MxMHZ1L0VqTW9SUVVtcVFxL0guN2NyV1lJSUJjQkRUMmc0UlUwQlE0bXJSaTRKRXhPdSIsImFjY2Vzc1Byb2ZpbGUiOiJTWVNBRE1JTiIsImNwZiI6IjExMTExMTExMTExIiwic3RhdHVzIjp0cnVlLCJhdWRpdCI6W3sicmVnaXN0ZXJlZEJ5Ijp7InVzZXJJZCI6IjExMTExMTExMTExMTExMTExMSIsInVzZXJMb2dpbiI6InN5c2FkbWluQHFhY29kZXJzLmNvbSJ9LCJyZWdpc3RyYXRpb25EYXRlIjoic2V4dGEtZmVpcmEsIDIwLzEwLzIwMjMsIDIwOjI0OjE0IEJSVCIsInJlZ2lzdHJhdGlvbk51bWJlciI6IjAxIiwiY29tcGFueUlkIjoiUWEuQ29kZXJzIiwiX2lkIjoiNjUzMzBjMWVmYjhmM2RhZDEzYTY4MDhjIn1dLCJfX3YiOjAsImlhdCI6MTcxNTA5MjAwNCwiZXhwIjoxNzE1MTc4NDA0fQ.BzVsOEN_aL6c2nAxp9v-KTlvFpgTQLSqj9mrO4NGNMs'}</msg>
<arg>${response.json()}</arg>
<doc>Logs the given message with the given level.</doc>
<status status="PASS" start="2024-05-07T11:26:27.254721" elapsed="0.002261"/>
</kw>
<kw name="Set Test Variable" owner="BuiltIn">
<msg time="2024-05-07T11:26:27.260529" level="INFO">${TOKEN} = eyJhbGciOiJIUzI1NiIsInR5cCI6IkpXVCJ9.eyJfaWQiOiI2NTMzMGMxZWZiOGYzZGFkMTNhNjgwOGIiLCJmdWxsTmFtZSI6IlFhLUNvZGVycy1TWVNBRE1JTiIsIm1haWwiOiJzeXNhZG1pbkBxYWNvZGVycy5jb20iLCJwYXNzd29yZCI6IiQyYiQxMCQza0MxMHZ...</msg>
<arg>${TOKEN}</arg>
<arg>${response.json()["token"]}</arg>
<doc>Makes a variable available everywhere within the scope of the current test.</doc>
<status status="PASS" start="2024-05-07T11:26:27.257574" elapsed="0.003325"/>
</kw>
<status status="PASS" start="2024-05-07T11:26:26.992760" elapsed="0.268427"/>
</kw>
<kw name="Criar um nome randomico departamento/board" owner="API">
<kw name="Generate Random String" owner="String">
<msg time="2024-05-07T11:26:27.263103" level="INFO">${nome_randomic} = TkaCwARkfh</msg>
<var>${nome_randomic}</var>
<arg>10</arg>
<arg>chars=[LETTERS]</arg>
<doc>Generates a string with a desired ``length`` from the given ``chars``.</doc>
<status status="PASS" start="2024-05-07T11:26:27.262571" elapsed="0.000729"/>
</kw>
<kw name="Convert To Lower Case" owner="String">
<msg time="2024-05-07T11:26:27.263958" level="INFO">${nome_randomic} = tkacwarkfh</msg>
<var>${nome_randomic}</var>
<arg>${nome_randomic}</arg>
<doc>Converts string to lower case.</doc>
<status status="PASS" start="2024-05-07T11:26:27.263604" elapsed="0.000519"/>
</kw>
<kw name="Set Test Variable" owner="BuiltIn">
<msg time="2024-05-07T11:26:27.265480" level="INFO">${nomedepartamento} = tkacwarkfhdepmen</msg>
<arg>${nomedepartamento}</arg>
<arg>${nome_randomic}depmen</arg>
<doc>Makes a variable available everywhere within the scope of the current test.</doc>
<status status="PASS" start="2024-05-07T11:26:27.264372" elapsed="0.001298"/>
</kw>
<kw name="Log" owner="BuiltIn">
<msg time="2024-05-07T11:26:27.266105" level="INFO">tkacwarkfhdepmen</msg>
<arg>${nomedepartamento}</arg>
<doc>Logs the given message with the given level.</doc>
<status status="PASS" start="2024-05-07T11:26:27.265879" elapsed="0.000413"/>
</kw>
<kw name="Generate Random String" owner="String">
<msg time="2024-05-07T11:26:27.266969" level="INFO">${nome_randomic} = DPIobINzu</msg>
<var>${nome_randomic}</var>
<arg>9</arg>
<arg>chars=[LETTERS]</arg>
<doc>Generates a string with a desired ``length`` from the given ``chars``.</doc>
<status status="PASS" start="2024-05-07T11:26:27.266498" elapsed="0.000643"/>
</kw>
<kw name="Convert To Lower Case" owner="String">
<msg time="2024-05-07T11:26:27.267606" level="INFO">${nome_randomic} = dpiobinzu</msg>
<var>${nome_randomic}</var>
<arg>${nome_randomic}</arg>
<doc>Converts string to lower case.</doc>
<status status="PASS" start="2024-05-07T11:26:27.267361" elapsed="0.000327"/>
</kw>
<kw name="Set Test Variable" owner="BuiltIn">
<msg time="2024-05-07T11:26:27.268981" level="INFO">${nomedepart&amp;} = dpiobinzudepar&amp;</msg>
<arg>${nomedepart&amp;}</arg>
<arg>${nome_randomic}depar&amp;</arg>
<doc>Makes a variable available everywhere within the scope of the current test.</doc>
<status status="PASS" start="2024-05-07T11:26:27.267842" elapsed="0.001366"/>
</kw>
<kw name="Log" owner="BuiltIn">
<msg time="2024-05-07T11:26:27.269575" level="INFO">dpiobinzudepar&amp;</msg>
<arg>${nomedepart&amp;}</arg>
<doc>Logs the given message with the given level.</doc>
<status status="PASS" start="2024-05-07T11:26:27.269393" elapsed="0.000290"/>
</kw>
<kw name="Generate Random String" owner="String">
<msg time="2024-05-07T11:26:27.270067" level="INFO">${nome_randomic} = sXTMWOkN</msg>
<var>${nome_randomic}</var>
<arg>8</arg>
<arg>chars=[LETTERS]</arg>
<doc>Generates a string with a desired ``length`` from the given ``chars``.</doc>
<status status="PASS" start="2024-05-07T11:26:27.269816" elapsed="0.000337"/>
</kw>
<kw name="Convert To Upper Case" owner="String">
<msg time="2024-05-07T11:26:27.270466" level="INFO">${nome_randomic} = SXTMWOKN</msg>
<var>${nome_randomic}</var>
<arg>${nome_randomic}</arg>
<doc>Converts string to upper case.</doc>
<status status="PASS" start="2024-05-07T11:26:27.270288" elapsed="0.000279"/>
</kw>
<kw name="Set Test Variable" owner="BuiltIn">
<msg time="2024-05-07T11:26:27.271516" level="INFO">${NOMEDEPAT} = SXTMWOKNDEP</msg>
<arg>${NOMEDEPAT}</arg>
<arg>${nome_randomic}DEP</arg>
<doc>Makes a variable available everywhere within the scope of the current test.</doc>
<status status="PASS" start="2024-05-07T11:26:27.270745" elapsed="0.000869"/>
</kw>
<kw name="Log" owner="BuiltIn">
<msg time="2024-05-07T11:26:27.271962" level="INFO">SXTMWOKNDEP</msg>
<arg>${NOMEDEPAT}</arg>
<doc>Logs the given message with the given level.</doc>
<status status="PASS" start="2024-05-07T11:26:27.271743" elapsed="0.000307"/>
</kw>
<kw name="Generate Random String" owner="String">
<msg time="2024-05-07T11:26:27.272533" level="INFO">${nome_randomic} = okLrEFTjU</msg>
<var>${nome_randomic}</var>
<arg>9</arg>
<arg>chars=[LETTERS]</arg>
<doc>Generates a string with a desired ``length`` from the given ``chars``.</doc>
<status status="PASS" start="2024-05-07T11:26:27.272205" elapsed="0.000462"/>
</kw>
<kw name="Convert To Lower Case" owner="String">
<msg time="2024-05-07T11:26:27.273021" level="INFO">${nome_randomic} = oklreftju</msg>
<var>${nome_randomic}</var>
<arg>${nome_randomic}</arg>
<doc>Converts string to lower case.</doc>
<status status="PASS" start="2024-05-07T11:26:27.272833" elapsed="0.000282"/>
</kw>
<kw name="Set Test Variable" owner="BuiltIn">
<msg time="2024-05-07T11:26:27.274156" level="INFO">${nomedepartminus} = oklreftjudepar&amp;</msg>
<arg>${nomedepartminus}</arg>
<arg>${nome_randomic}depar&amp;</arg>
<doc>Makes a variable available everywhere within the scope of the current test.</doc>
<status status="PASS" start="2024-05-07T11:26:27.273347" elapsed="0.000986"/>
</kw>
<kw name="Log" owner="BuiltIn">
<msg time="2024-05-07T11:26:27.274751" level="INFO">oklreftjudepar&amp;</msg>
<arg>${nomedepartminus}</arg>
<doc>Logs the given message with the given level.</doc>
<status status="PASS" start="2024-05-07T11:26:27.274505" elapsed="0.000389"/>
</kw>
<kw name="Generate Random String" owner="String">
<msg time="2024-05-07T11:26:27.275405" level="INFO">${nome_randomic} = OuDzORYiWShbZwEiMJkOdytKFXbaYPbflwyYBckEpAevuiwijR</msg>
<var>${nome_randomic}</var>
<arg>50</arg>
<arg>chars=[LETTERS]</arg>
<doc>Generates a string with a desired ``length`` from the given ``chars``.</doc>
<status status="PASS" start="2024-05-07T11:26:27.275067" elapsed="0.000454"/>
</kw>
<kw name="Convert To Lower Case" owner="String">
<msg time="2024-05-07T11:26:27.275992" level="INFO">${nome_randomic} = oudzoryiwshbzweimjkodytkfxbaypbflwyybckepaevuiwijr</msg>
<var>${nome_randomic}</var>
<arg>${nome_randomic}</arg>
<doc>Converts string to lower case.</doc>
<status status="PASS" start="2024-05-07T11:26:27.275697" elapsed="0.001027"/>
</kw>
<kw name="Set Test Variable" owner="BuiltIn">
<msg time="2024-05-07T11:26:27.278561" level="INFO">${nomecom50} = oudzoryiwshbzweimjkodytkfxbaypbflwyybckepaevuiwijr</msg>
<arg>${nomecom50}</arg>
<arg>${nome_randomic}</arg>
<doc>Makes a variable available everywhere within the scope of the current test.</doc>
<status status="PASS" start="2024-05-07T11:26:27.277128" elapsed="0.001777"/>
</kw>
<kw name="Log" owner="BuiltIn">
<msg time="2024-05-07T11:26:27.279439" level="INFO">oudzoryiwshbzweimjkodytkfxbaypbflwyybckepaevuiwijr</msg>
<arg>${nomecom50}</arg>
<doc>Logs the given message with the given level.</doc>
<status status="PASS" start="2024-05-07T11:26:27.279229" elapsed="0.000338"/>
</kw>
<kw name="Generate Random String" owner="String">
<msg time="2024-05-07T11:26:27.280065" level="INFO">${nome_randomic} = XZAVNfy</msg>
<var>${nome_randomic}</var>
<arg>7</arg>
<arg>chars=[LETTERS]</arg>
<doc>Generates a string with a desired ``length`` from the given ``chars``.</doc>
<status status="PASS" start="2024-05-07T11:26:27.279750" elapsed="0.000397"/>
</kw>
<kw name="Convert To Lower Case" owner="String">
<msg time="2024-05-07T11:26:27.280498" level="INFO">${nome_randomic} = xzavnfy</msg>
<var>${nome_randomic}</var>
<arg>${nome_randomic}</arg>
<doc>Converts string to lower case.</doc>
<status status="PASS" start="2024-05-07T11:26:27.280293" elapsed="0.000302"/>
</kw>
<kw name="Set Test Variable" owner="BuiltIn">
<msg time="2024-05-07T11:26:27.281437" level="INFO">${nameboard} = xzavnfy</msg>
<arg>${nameboard}</arg>
<arg>${nome_randomic}</arg>
<doc>Makes a variable available everywhere within the scope of the current test.</doc>
<status status="PASS" start="2024-05-07T11:26:27.280731" elapsed="0.000805"/>
</kw>
<kw name="Log" owner="BuiltIn">
<msg time="2024-05-07T11:26:27.281800" level="INFO">xzavnfy</msg>
<arg>${nameboard}</arg>
<doc>Logs the given message with the given level.</doc>
<status status="PASS" start="2024-05-07T11:26:27.281662" elapsed="0.000240"/>
</kw>
<status status="PASS" start="2024-05-07T11:26:27.262003" elapsed="0.020047"/>
</kw>
<kw name="Incluir department" owner="API">
<kw name="Create Dictionary" owner="BuiltIn">
<msg time="2024-05-07T11:26:27.289021" level="INFO">${headers} = {'Authorization': 'eyJhbGciOiJIUzI1NiIsInR5cCI6IkpXVCJ9.eyJfaWQiOiI2NTMzMGMxZWZiOGYzZGFkMTNhNjgwOGIiLCJmdWxsTmFtZSI6IlFhLUNvZGVycy1TWVNBRE1JTiIsIm1haWwiOiJzeXNhZG1pbkBxYWNvZGVycy5jb20iLCJwYXNzd29yZCI6...</msg>
<var>${headers}</var>
<arg>Authorization=${token}</arg>
<doc>Creates and returns a dictionary based on the given ``items``.</doc>
<status status="PASS" start="2024-05-07T11:26:27.285726" elapsed="0.004029"/>
</kw>
<kw name="Create Dictionary" owner="BuiltIn">
<msg time="2024-05-07T11:26:27.291275" level="INFO">${body} = {'departmentName': 'tkacwarkfhdepmen', 'costCenterId': '65855af6a2d3ae70485da0b7'}</msg>
<var>${body}</var>
<arg>departmentName=${nomedepartamento}</arg>
<arg>costCenterId=65855af6a2d3ae70485da0b7</arg>
<doc>Creates and returns a dictionary based on the given ``items``.</doc>
<status status="PASS" start="2024-05-07T11:26:27.290304" elapsed="0.001744"/>
</kw>
<kw name="Log" owner="BuiltIn">
<msg time="2024-05-07T11:26:27.295250" level="INFO">{'departmentName': 'tkacwarkfhdepmen', 'costCenterId': '65855af6a2d3ae70485da0b7'}</msg>
<arg>${body}</arg>
<doc>Logs the given message with the given level.</doc>
<status status="PASS" start="2024-05-07T11:26:27.293321" elapsed="0.002508"/>
</kw>
<kw name="Create API Session" owner="API">
<kw name="Create Dictionary" owner="BuiltIn">
<msg time="2024-05-07T11:26:27.297858" level="INFO">${headers} = {'accept': 'application/json', 'Content-Type': 'application/json'}</msg>
<var>${headers}</var>
<arg>accept=application/json</arg>
<arg>Content-Type=application/json</arg>
<doc>Creates and returns a dictionary based on the given ``items``.</doc>
<status status="PASS" start="2024-05-07T11:26:27.297032" elapsed="0.001194"/>
</kw>
<kw name="Create Session" owner="RequestsLibrary">
<msg time="2024-05-07T11:26:27.300533" level="INFO">Creating Session using : alias=APITheOriginals, url=https://the-originals.qacoders-academy.com.br, headers={'accept': 'application/json', 'Content-Type': 'application/json'},                     cookies={}, auth=None, timeout=None, proxies=None, verify=False,                     debug=0 </msg>
<arg>alias=APITheOriginals</arg>
<arg>url=https://the-originals.qacoders-academy.com.br</arg>
<arg>headers=${headers}</arg>
<doc>Create Session: create a HTTP session to a server</doc>
<status status="PASS" start="2024-05-07T11:26:27.299016" elapsed="0.003828"/>
</kw>
<status status="PASS" start="2024-05-07T11:26:27.296145" elapsed="0.007999"/>
</kw>
<kw name="POST On Session" owner="RequestsLibrary">
<msg time="2024-05-07T11:26:27.410198" level="INFO">POST Request : url=https://the-originals.qacoders-academy.com.br/api/department/ 
 path_url=/api/department/ 
 headers={'User-Agent': 'python-requests/2.31.0', 'Accept-Encoding': 'gzip, deflate, br', 'accept': 'application/json', 'Connection': 'keep-alive', 'Content-Type': 'application/json', 'Authorization': 'eyJhbGciOiJIUzI1NiIsInR5cCI6IkpXVCJ9.eyJfaWQiOiI2NTMzMGMxZWZiOGYzZGFkMTNhNjgwOGIiLCJmdWxsTmFtZSI6IlFhLUNvZGVycy1TWVNBRE1JTiIsIm1haWwiOiJzeXNhZG1pbkBxYWNvZGVycy5jb20iLCJwYXNzd29yZCI6IiQyYiQxMCQza0MxMHZ1L0VqTW9SUVVtcVFxL0guN2NyV1lJSUJjQkRUMmc0UlUwQlE0bXJSaTRKRXhPdSIsImFjY2Vzc1Byb2ZpbGUiOiJTWVNBRE1JTiIsImNwZiI6IjExMTExMTExMTExIiwic3RhdHVzIjp0cnVlLCJhdWRpdCI6W3sicmVnaXN0ZXJlZEJ5Ijp7InVzZXJJZCI6IjExMTExMTExMTExMTExMTExMSIsInVzZXJMb2dpbiI6InN5c2FkbWluQHFhY29kZXJzLmNvbSJ9LCJyZWdpc3RyYXRpb25EYXRlIjoic2V4dGEtZmVpcmEsIDIwLzEwLzIwMjMsIDIwOjI0OjE0IEJSVCIsInJlZ2lzdHJhdGlvbk51bWJlciI6IjAxIiwiY29tcGFueUlkIjoiUWEuQ29kZXJzIiwiX2lkIjoiNjUzMzBjMWVmYjhmM2RhZDEzYTY4MDhjIn1dLCJfX3YiOjAsImlhdCI6MTcxNTA5MjAwNCwiZXhwIjoxNzE1MTc4NDA0fQ.BzVsOEN_aL6c2nAxp9v-KTlvFpgTQLSqj9mrO4NGNMs', 'Content-Length': '82'} 
 body=b'{"departmentName": "tkacwarkfhdepmen", "costCenterId": "65855af6a2d3ae70485da0b7"}' 
 </msg>
<msg time="2024-05-07T11:26:27.411782" level="INFO">POST Response : url=https://the-originals.qacoders-academy.com.br/api/department/ 
 status=201, reason=Created 
 headers={'Server': 'nginx/1.18.0 (Ubuntu)', 'Date': 'Tue, 07 May 2024 14:26:44 GMT', 'Content-Type': 'application/json; charset=utf-8', 'Content-Length': '384', 'Connection': 'keep-alive', 'X-Powered-By': 'Express', 'Access-Control-Allow-Origin': '*', 'Access-Control-Allow-Methods': 'GET, POST, OPTIONS, PUT, PATCH, DELETE', 'Access-Control-Allow-Headers': 'Origin, X-Requested-With, Content-Type, Accept, Authorization', 'ETag': 'W/"180-sbEgWQBK2vQ1dFGxln0OqrPS7Ec"'} 
 body={"msg":"Cadastro realizado com sucesso.","newDepartment":{"departmentName":"tkacwarkfhdepmen","costCenter":"65855af6a2d3ae70485da0b7","status":true,"audit":[{"registrationDate":"terça-feira, 07/05/2024, 11:26:44 BRT","registeredBy":{"userId":"65330c1efb8f3dad13a6808b","userLogin":"sysadmin@qacoders.com"},"_id":"663a3a244ebd54fc6f2fd3e0"}],"_id":"663a3a244ebd54fc6f2fd3df","__v":0}} 
 </msg>
<msg time="2024-05-07T11:26:27.412114" level="INFO">/usr/lib/python3.12/site-packages/urllib3/connectionpool.py:1061: InsecureRequestWarning: Unverified HTTPS request is being made to host 'the-originals.qacoders-academy.com.br'. Adding certificate verification is strongly advised. See: https://urllib3.readthedocs.io/en/1.26.x/advanced-usage.html#ssl-warnings
  warnings.warn(</msg>
<msg time="2024-05-07T11:26:27.412841" level="INFO">${response} = &lt;Response [201]&gt;</msg>
<var>${response}</var>
<arg>alias=APITheOriginals</arg>
<arg>url=/api/department/</arg>
<arg>json=${body}</arg>
<arg>headers=${headers}</arg>
<doc>Sends a POST request on a previously created HTTP Session.</doc>
<status status="PASS" start="2024-05-07T11:26:27.305377" elapsed="0.108049"/>
</kw>
<kw name="Log" owner="BuiltIn">
<msg time="2024-05-07T11:26:27.418121" level="INFO">{'msg': 'Cadastro realizado com sucesso.', 'newDepartment': {'departmentName': 'tkacwarkfhdepmen', 'costCenter': '65855af6a2d3ae70485da0b7', 'status': True, 'audit': [{'registrationDate': 'terça-feira, 07/05/2024, 11:26:44 BRT', 'registeredBy': {'userId': '65330c1efb8f3dad13a6808b', 'userLogin': 'sysadmin@qacoders.com'}, '_id': '663a3a244ebd54fc6f2fd3e0'}], '_id': '663a3a244ebd54fc6f2fd3df', '__v': 0}}</msg>
<arg>${response.json()}</arg>
<doc>Logs the given message with the given level.</doc>
<status status="PASS" start="2024-05-07T11:26:27.414765" elapsed="0.003920"/>
</kw>
<kw name="Set Test Variable" owner="BuiltIn">
<msg time="2024-05-07T11:26:27.421046" level="INFO">${ID_USUARIO} = 663a3a244ebd54fc6f2fd3df</msg>
<arg>${ID_USUARIO}</arg>
<arg>${response.json()['newDepartment']['_id']}</arg>
<doc>Makes a variable available everywhere within the scope of the current test.</doc>
<status status="PASS" start="2024-05-07T11:26:27.419287" elapsed="0.001984"/>
</kw>
<kw name="Set Test Variable" owner="BuiltIn">
<msg time="2024-05-07T11:26:27.422436" level="INFO">${ID_USUARIO} = {'msg': 'Cadastro realizado com sucesso.', 'newDepartment': {'departmentName': 'tkacwarkfhdepmen', 'costCenter': '65855af6a2d3ae70485da0b7', 'status': True, 'audit': [{'registrationDate': 'terça-feira...</msg>
<arg>${ID_USUARIO}</arg>
<arg>${response.json()}</arg>
<doc>Makes a variable available everywhere within the scope of the current test.</doc>
<status status="PASS" start="2024-05-07T11:26:27.421550" elapsed="0.001078"/>
</kw>
<status status="PASS" start="2024-05-07T11:26:27.283818" elapsed="0.138958"/>
</kw>
<kw name="department com nome ja cadastrado" owner="API">
<kw name="Log" owner="BuiltIn">
<msg time="2024-05-07T11:26:27.424104" level="FAIL">Variable '${department_name}' not found.</msg>
<arg>Verificando se o departamento '${department_name}' já está cadastrado...</arg>
<doc>Logs the given message with the given level.</doc>
<status status="FAIL" start="2024-05-07T11:26:27.423384" elapsed="0.002116">Variable '${department_name}' not found.</status>
</kw>
<kw name="Create Dictionary" owner="BuiltIn">
<var>${headers}</var>
<arg>Authorization=${token}</arg>
<doc>Creates and returns a dictionary based on the given ``items``.</doc>
<status status="NOT RUN" start="2024-05-07T11:26:27.425854" elapsed="0.000145"/>
</kw>
<kw name="Create Dictionary" owner="BuiltIn">
<var>${body}</var>
<arg>departmentName=${nomedepartamento}</arg>
<arg>costCenterId=65855af6a2d3ae70485da0b7</arg>
<doc>Creates and returns a dictionary based on the given ``items``.</doc>
<status status="NOT RUN" start="2024-05-07T11:26:27.426231" elapsed="0.000118"/>
</kw>
<kw name="Log" owner="BuiltIn">
<arg>${body}</arg>
<doc>Logs the given message with the given level.</doc>
<status status="NOT RUN" start="2024-05-07T11:26:27.426530" elapsed="0.000102"/>
</kw>
<kw name="Create API Session" owner="API">
<status status="NOT RUN" start="2024-05-07T11:26:27.426893" elapsed="0.000105"/>
</kw>
<kw name="POST On Session" owner="RequestsLibrary">
<var>${response}</var>
<arg>alias=APITheOriginals</arg>
<arg>url=/api/department/</arg>
<arg>json=${body}</arg>
<arg>headers=${headers}</arg>
<arg>expected_status=409</arg>
<doc>Sends a POST request on a previously created HTTP Session.</doc>
<status status="NOT RUN" start="2024-05-07T11:26:27.427164" elapsed="0.000120"/>
</kw>
<kw name="Log" owner="BuiltIn">
<arg>${response.json()}</arg>
<doc>Logs the given message with the given level.</doc>
<status status="NOT RUN" start="2024-05-07T11:26:27.427404" elapsed="0.000058"/>
</kw>
<kw name="Dictionary Should Contain Key" owner="Collections">
<arg>${response.json()}</arg>
<arg>alert</arg>
<doc>Fails if ``key`` is not found from ``dictionary``.</doc>
<status status="NOT RUN" start="2024-05-07T11:26:27.427560" elapsed="0.000068"/>
</kw>
<kw name="List Should Contain Value" owner="Collections">
<arg>${response.json()}[alert]</arg>
<arg>Não é possível salvar esse registro. Departamento já cadastrado no sistema.</arg>
<doc>Fails if the ``value`` is not found from ``list``.</doc>
<status status="NOT RUN" start="2024-05-07T11:26:27.427724" elapsed="0.000078"/>
</kw>
<status status="FAIL" start="2024-05-07T11:26:27.423027" elapsed="0.004917">Variable '${department_name}' not found.</status>
</kw>
<status status="FAIL" start="2024-05-07T11:26:26.988426" elapsed="0.439742">Variable '${department_name}' not found.</status>
</test>
<status status="FAIL" start="2024-05-07T11:26:26.251257" elapsed="1.178187"/>
</suite>
<statistics>
<total>
<stat pass="0" fail="1" skip="0">All Tests</stat>
</total>
<tag>
</tag>
<suite>
<stat pass="0" fail="1" skip="0" id="s1" name="Departamento">Departamento</stat>
</suite>
</statistics>
<errors>
</errors>
</robot>
