<?xml version="1.0" encoding="UTF-8"?>
<robot generator="Robot 7.0 (Python 3.12.3 on linux)" generated="2024-05-07T11:27:03.718248" rpa="false" schemaversion="5">
<suite id="s1" name="Departamento" source="/home/sami/meustestesacademy/APIacademymeuteste/tests/departamento.robot">
<test id="s1-t1" name="CT01 - Cadastrar um Departamento" line="7">
<kw name="Create API Session" owner="API">
<kw name="Create Dictionary" owner="BuiltIn">
<msg time="2024-05-07T11:27:03.853687" level="INFO">${headers} = {'accept': 'application/json', 'Content-Type': 'application/json'}</msg>
<var>${headers}</var>
<arg>accept=application/json</arg>
<arg>Content-Type=application/json</arg>
<doc>Creates and returns a dictionary based on the given ``items``.</doc>
<status status="PASS" start="2024-05-07T11:27:03.853455" elapsed="0.000259"/>
</kw>
<kw name="Create Session" owner="RequestsLibrary">
<msg time="2024-05-07T11:27:03.853999" level="INFO">Creating Session using : alias=APITheOriginals, url=https://the-originals.qacoders-academy.com.br, headers={'accept': 'application/json', 'Content-Type': 'application/json'},                     cookies={}, auth=None, timeout=None, proxies=None, verify=False,                     debug=0 </msg>
<arg>alias=APITheOriginals</arg>
<arg>url=https://the-originals.qacoders-academy.com.br</arg>
<arg>headers=${headers}</arg>
<doc>Create Session: create a HTTP session to a server</doc>
<status status="PASS" start="2024-05-07T11:27:03.853830" elapsed="0.000306"/>
</kw>
<status status="PASS" start="2024-05-07T11:27:03.852775" elapsed="0.001424"/>
</kw>
<kw name="Login de acesso" owner="API">
<kw name="Create Dictionary" owner="BuiltIn">
<msg time="2024-05-07T11:27:03.854730" level="INFO">${body} = {'mail': 'sysadmin@qacoders.com', 'password': '1234@Test'}</msg>
<var>${body}</var>
<arg>mail=${mail}</arg>
<arg>password=${password}</arg>
<doc>Creates and returns a dictionary based on the given ``items``.</doc>
<status status="PASS" start="2024-05-07T11:27:03.854544" elapsed="0.000206"/>
</kw>
<kw name="Log" owner="BuiltIn">
<msg time="2024-05-07T11:27:03.854925" level="INFO">{'mail': 'sysadmin@qacoders.com', 'password': '1234@Test'}</msg>
<arg>${body}</arg>
<doc>Logs the given message with the given level.</doc>
<status status="PASS" start="2024-05-07T11:27:03.854833" elapsed="0.000120"/>
</kw>
<kw name="Create API Session" owner="API">
<kw name="Create Dictionary" owner="BuiltIn">
<msg time="2024-05-07T11:27:03.855296" level="INFO">${headers} = {'accept': 'application/json', 'Content-Type': 'application/json'}</msg>
<var>${headers}</var>
<arg>accept=application/json</arg>
<arg>Content-Type=application/json</arg>
<doc>Creates and returns a dictionary based on the given ``items``.</doc>
<status status="PASS" start="2024-05-07T11:27:03.855188" elapsed="0.000124"/>
</kw>
<kw name="Create Session" owner="RequestsLibrary">
<msg time="2024-05-07T11:27:03.855517" level="INFO">Creating Session using : alias=APITheOriginals, url=https://the-originals.qacoders-academy.com.br, headers={'accept': 'application/json', 'Content-Type': 'application/json'},                     cookies={}, auth=None, timeout=None, proxies=None, verify=False,                     debug=0 </msg>
<arg>alias=APITheOriginals</arg>
<arg>url=https://the-originals.qacoders-academy.com.br</arg>
<arg>headers=${headers}</arg>
<doc>Create Session: create a HTTP session to a server</doc>
<status status="PASS" start="2024-05-07T11:27:03.855383" elapsed="0.000266"/>
</kw>
<status status="PASS" start="2024-05-07T11:27:03.855044" elapsed="0.000668"/>
</kw>
<kw name="POST On Session" owner="RequestsLibrary">
<msg time="2024-05-07T11:27:04.039979" level="INFO">POST Request : url=https://the-originals.qacoders-academy.com.br/api/login 
 path_url=/api/login 
 headers={'User-Agent': 'python-requests/2.31.0', 'Accept-Encoding': 'gzip, deflate, br', 'accept': 'application/json', 'Connection': 'keep-alive', 'Content-Type': 'application/json', 'Content-Length': '58'} 
 body=b'{"mail": "sysadmin@qacoders.com", "password": "1234@Test"}' 
 </msg>
<msg time="2024-05-07T11:27:04.040239" level="INFO">POST Response : url=https://the-originals.qacoders-academy.com.br/api/login 
 status=200, reason=OK 
 headers={'Server': 'nginx/1.18.0 (Ubuntu)', 'Date': 'Tue, 07 May 2024 14:27:21 GMT', 'Content-Type': 'application/json; charset=utf-8', 'Transfer-Encoding': 'chunked', 'Connection': 'keep-alive', 'X-Powered-By': 'Express', 'Access-Control-Allow-Origin': '*', 'Access-Control-Allow-Methods': 'GET, POST, OPTIONS, PUT, PATCH, DELETE', 'Access-Control-Allow-Headers': 'Origin, X-Requested-With, Content-Type, Accept, Authorization', 'ETag': 'W/"534-m98zsn7HoZISkJWQnC34AspQ7kg"', 'Content-Encoding': 'gzip'} 
 body={"msg":"Olá Qa-Coders-SYSADMIN, autenticação autorizada com sucesso!","user":{"_id":"65330c1efb8f3dad13a6808b","fullName":"Qa-Coders-SYSADMIN","mail":"sysadmin@qacoders.com","password":"$2b$10$3kC10vu/EjMoRQUmqQq/H.7crWYIIBcBDT2g4RU0BQ4mrRi4JExOu","accessProfile":"SYSADMIN","cpf":"11111111111","status":true,"audit":[{"registeredBy":{"userId":"111111111111111111","userLogin":"sysadmin@qacoders.com"},"registrationDate":"sexta-feira, 20/10/2023, 20:24:14 BRT","registrationNumber":"01","companyId":"Qa.Coders","_id":"65330c1efb8f3dad13a6808c"}],"__v":0},"token":"eyJhbGciOiJIUzI1NiIsInR5cCI6IkpXVCJ9.eyJfaWQiOiI2NTMzMGMxZWZiOGYzZGFkMTNhNjgwOGIiLCJmdWxsTmFtZSI6IlFhLUNvZGVycy1TWVNBRE1JTiIsIm1haWwiOiJzeXNhZG1pbkBxYWNvZGVycy5jb20iLCJwYXNzd29yZCI6IiQyYiQxMCQza0MxMHZ1L0VqTW9SUVVtcVFxL0guN2NyV1lJSUJjQkRUMmc0UlUwQlE0bXJSaTRKRXhPdSIsImFjY2Vzc1Byb2ZpbGUiOiJTWVNBRE1JTiIsImNwZiI6IjExMTExMTExMTExIiwic3RhdHVzIjp0cnVlLCJhdWRpdCI6W3sicmVnaXN0ZXJlZEJ5Ijp7InVzZXJJZCI6IjExMTExMTExMTExMTExMTExMSIsInVzZXJMb2dpbiI6InN5c2FkbWluQHFhY29kZXJzLmNvbSJ9LCJyZWdpc3RyYXRpb25EYXRlIjoic2V4dGEtZmVpcmEsIDIwLzEwLzIwMjMsIDIwOjI0OjE0IEJSVCIsInJlZ2lzdHJhdGlvbk51bWJlciI6IjAxIiwiY29tcGFueUlkIjoiUWEuQ29kZXJzIiwiX2lkIjoiNjUzMzBjMWVmYjhmM2RhZDEzYTY4MDhjIn1dLCJfX3YiOjAsImlhdCI6MTcxNTA5MjA0MSwiZXhwIjoxNzE1MTc4NDQxfQ.2nOQeQOBygiletrkK69fYKKHkZeSy4Xk7wcSoEZKXgk"} 
 </msg>
<msg time="2024-05-07T11:27:04.040407" level="INFO">/usr/lib/python3.12/site-packages/urllib3/connectionpool.py:1061: InsecureRequestWarning: Unverified HTTPS request is being made to host 'the-originals.qacoders-academy.com.br'. Adding certificate verification is strongly advised. See: https://urllib3.readthedocs.io/en/1.26.x/advanced-usage.html#ssl-warnings
  warnings.warn(</msg>
<msg time="2024-05-07T11:27:04.040662" level="INFO">${response} = &lt;Response [200]&gt;</msg>
<var>${response}</var>
<arg>alias=APITheOriginals</arg>
<arg>url=/api/login</arg>
<arg>json=${body}</arg>
<doc>Sends a POST request on a previously created HTTP Session.</doc>
<status status="PASS" start="2024-05-07T11:27:03.855781" elapsed="0.184949"/>
</kw>
<kw name="Log" owner="BuiltIn">
<msg time="2024-05-07T11:27:04.042575" level="INFO">{'msg': 'Olá Qa-Coders-SYSADMIN, autenticação autorizada com sucesso!', 'user': {'_id': '65330c1efb8f3dad13a6808b', 'fullName': 'Qa-Coders-SYSADMIN', 'mail': 'sysadmin@qacoders.com', 'password': '$2b$10$3kC10vu/EjMoRQUmqQq/H.7crWYIIBcBDT2g4RU0BQ4mrRi4JExOu', 'accessProfile': 'SYSADMIN', 'cpf': '11111111111', 'status': True, 'audit': [{'registeredBy': {'userId': '111111111111111111', 'userLogin': 'sysadmin@qacoders.com'}, 'registrationDate': 'sexta-feira, 20/10/2023, 20:24:14 BRT', 'registrationNumber': '01', 'companyId': 'Qa.Coders', '_id': '65330c1efb8f3dad13a6808c'}], '__v': 0}, 'token': 'eyJhbGciOiJIUzI1NiIsInR5cCI6IkpXVCJ9.eyJfaWQiOiI2NTMzMGMxZWZiOGYzZGFkMTNhNjgwOGIiLCJmdWxsTmFtZSI6IlFhLUNvZGVycy1TWVNBRE1JTiIsIm1haWwiOiJzeXNhZG1pbkBxYWNvZGVycy5jb20iLCJwYXNzd29yZCI6IiQyYiQxMCQza0MxMHZ1L0VqTW9SUVVtcVFxL0guN2NyV1lJSUJjQkRUMmc0UlUwQlE0bXJSaTRKRXhPdSIsImFjY2Vzc1Byb2ZpbGUiOiJTWVNBRE1JTiIsImNwZiI6IjExMTExMTExMTExIiwic3RhdHVzIjp0cnVlLCJhdWRpdCI6W3sicmVnaXN0ZXJlZEJ5Ijp7InVzZXJJZCI6IjExMTExMTExMTExMTExMTExMSIsInVzZXJMb2dpbiI6InN5c2FkbWluQHFhY29kZXJzLmNvbSJ9LCJyZWdpc3RyYXRpb25EYXRlIjoic2V4dGEtZmVpcmEsIDIwLzEwLzIwMjMsIDIwOjI0OjE0IEJSVCIsInJlZ2lzdHJhdGlvbk51bWJlciI6IjAxIiwiY29tcGFueUlkIjoiUWEuQ29kZXJzIiwiX2lkIjoiNjUzMzBjMWVmYjhmM2RhZDEzYTY4MDhjIn1dLCJfX3YiOjAsImlhdCI6MTcxNTA5MjA0MSwiZXhwIjoxNzE1MTc4NDQxfQ.2nOQeQOBygiletrkK69fYKKHkZeSy4Xk7wcSoEZKXgk'}</msg>
<arg>${response.json()}</arg>
<doc>Logs the given message with the given level.</doc>
<status status="PASS" start="2024-05-07T11:27:04.041130" elapsed="0.001699"/>
</kw>
<kw name="Set Test Variable" owner="BuiltIn">
<msg time="2024-05-07T11:27:04.045742" level="INFO">${TOKEN} = eyJhbGciOiJIUzI1NiIsInR5cCI6IkpXVCJ9.eyJfaWQiOiI2NTMzMGMxZWZiOGYzZGFkMTNhNjgwOGIiLCJmdWxsTmFtZSI6IlFhLUNvZGVycy1TWVNBRE1JTiIsIm1haWwiOiJzeXNhZG1pbkBxYWNvZGVycy5jb20iLCJwYXNzd29yZCI6IiQyYiQxMCQza0MxMHZ...</msg>
<arg>${TOKEN}</arg>
<arg>${response.json()["token"]}</arg>
<doc>Makes a variable available everywhere within the scope of the current test.</doc>
<status status="PASS" start="2024-05-07T11:27:04.043193" elapsed="0.002674"/>
</kw>
<status status="PASS" start="2024-05-07T11:27:03.854345" elapsed="0.191720"/>
</kw>
<kw name="Criar um nome randomico departamento/board" owner="API">
<kw name="Generate Random String" owner="String">
<msg time="2024-05-07T11:27:04.048244" level="INFO">${nome_randomic} = SjUzSovZeS</msg>
<var>${nome_randomic}</var>
<arg>10</arg>
<arg>chars=[LETTERS]</arg>
<doc>Generates a string with a desired ``length`` from the given ``chars``.</doc>
<status status="PASS" start="2024-05-07T11:27:04.047428" elapsed="0.000919"/>
</kw>
<kw name="Convert To Lower Case" owner="String">
<msg time="2024-05-07T11:27:04.049179" level="INFO">${nome_randomic} = sjuzsovzes</msg>
<var>${nome_randomic}</var>
<arg>${nome_randomic}</arg>
<doc>Converts string to lower case.</doc>
<status status="PASS" start="2024-05-07T11:27:04.048779" elapsed="0.000454"/>
</kw>
<kw name="Set Test Variable" owner="BuiltIn">
<msg time="2024-05-07T11:27:04.051161" level="INFO">${nomedepartamento} = sjuzsovzesdepmen</msg>
<arg>${nomedepartamento}</arg>
<arg>${nome_randomic}depmen</arg>
<doc>Makes a variable available everywhere within the scope of the current test.</doc>
<status status="PASS" start="2024-05-07T11:27:04.049499" elapsed="0.001743"/>
</kw>
<kw name="Log" owner="BuiltIn">
<msg time="2024-05-07T11:27:04.051677" level="INFO">sjuzsovzesdepmen</msg>
<arg>${nomedepartamento}</arg>
<doc>Logs the given message with the given level.</doc>
<status status="PASS" start="2024-05-07T11:27:04.051458" elapsed="0.000287"/>
</kw>
<kw name="Generate Random String" owner="String">
<msg time="2024-05-07T11:27:04.052354" level="INFO">${nome_randomic} = adKjFaUZS</msg>
<var>${nome_randomic}</var>
<arg>9</arg>
<arg>chars=[LETTERS]</arg>
<doc>Generates a string with a desired ``length`` from the given ``chars``.</doc>
<status status="PASS" start="2024-05-07T11:27:04.051939" elapsed="0.000465"/>
</kw>
<kw name="Convert To Lower Case" owner="String">
<msg time="2024-05-07T11:27:04.052873" level="INFO">${nome_randomic} = adkjfauzs</msg>
<var>${nome_randomic}</var>
<arg>${nome_randomic}</arg>
<doc>Converts string to lower case.</doc>
<status status="PASS" start="2024-05-07T11:27:04.052632" elapsed="0.000270"/>
</kw>
<kw name="Set Test Variable" owner="BuiltIn">
<msg time="2024-05-07T11:27:04.054170" level="INFO">${nomedepart&amp;} = adkjfauzsdepar&amp;</msg>
<arg>${nomedepart&amp;}</arg>
<arg>${nome_randomic}depar&amp;</arg>
<doc>Makes a variable available everywhere within the scope of the current test.</doc>
<status status="PASS" start="2024-05-07T11:27:04.053050" elapsed="0.001183"/>
</kw>
<kw name="Log" owner="BuiltIn">
<msg time="2024-05-07T11:27:04.054520" level="INFO">adkjfauzsdepar&amp;</msg>
<arg>${nomedepart&amp;}</arg>
<doc>Logs the given message with the given level.</doc>
<status status="PASS" start="2024-05-07T11:27:04.054377" elapsed="0.000192"/>
</kw>
<kw name="Generate Random String" owner="String">
<msg time="2024-05-07T11:27:04.054964" level="INFO">${nome_randomic} = pBUVYMbp</msg>
<var>${nome_randomic}</var>
<arg>8</arg>
<arg>chars=[LETTERS]</arg>
<doc>Generates a string with a desired ``length`` from the given ``chars``.</doc>
<status status="PASS" start="2024-05-07T11:27:04.054705" elapsed="0.000292"/>
</kw>
<kw name="Convert To Upper Case" owner="String">
<msg time="2024-05-07T11:27:04.055313" level="INFO">${nome_randomic} = PBUVYMBP</msg>
<var>${nome_randomic}</var>
<arg>${nome_randomic}</arg>
<doc>Converts string to upper case.</doc>
<status status="PASS" start="2024-05-07T11:27:04.055132" elapsed="0.000209"/>
</kw>
<kw name="Set Test Variable" owner="BuiltIn">
<msg time="2024-05-07T11:27:04.056358" level="INFO">${NOMEDEPAT} = PBUVYMBPDEP</msg>
<arg>${NOMEDEPAT}</arg>
<arg>${nome_randomic}DEP</arg>
<doc>Makes a variable available everywhere within the scope of the current test.</doc>
<status status="PASS" start="2024-05-07T11:27:04.055473" elapsed="0.000921"/>
</kw>
<kw name="Log" owner="BuiltIn">
<msg time="2024-05-07T11:27:04.056601" level="INFO">PBUVYMBPDEP</msg>
<arg>${NOMEDEPAT}</arg>
<doc>Logs the given message with the given level.</doc>
<status status="PASS" start="2024-05-07T11:27:04.056493" elapsed="0.000146"/>
</kw>
<kw name="Generate Random String" owner="String">
<msg time="2024-05-07T11:27:04.057021" level="INFO">${nome_randomic} = MllogSIcQ</msg>
<var>${nome_randomic}</var>
<arg>9</arg>
<arg>chars=[LETTERS]</arg>
<doc>Generates a string with a desired ``length`` from the given ``chars``.</doc>
<status status="PASS" start="2024-05-07T11:27:04.056768" elapsed="0.000288"/>
</kw>
<kw name="Convert To Lower Case" owner="String">
<msg time="2024-05-07T11:27:04.057419" level="INFO">${nome_randomic} = mllogsicq</msg>
<var>${nome_randomic}</var>
<arg>${nome_randomic}</arg>
<doc>Converts string to lower case.</doc>
<status status="PASS" start="2024-05-07T11:27:04.057219" elapsed="0.000232"/>
</kw>
<kw name="Set Test Variable" owner="BuiltIn">
<msg time="2024-05-07T11:27:04.058704" level="INFO">${nomedepartminus} = mllogsicqdepar&amp;</msg>
<arg>${nomedepartminus}</arg>
<arg>${nome_randomic}depar&amp;</arg>
<doc>Makes a variable available everywhere within the scope of the current test.</doc>
<status status="PASS" start="2024-05-07T11:27:04.057611" elapsed="0.001173"/>
</kw>
<kw name="Log" owner="BuiltIn">
<msg time="2024-05-07T11:27:04.059077" level="INFO">mllogsicqdepar&amp;</msg>
<arg>${nomedepartminus}</arg>
<doc>Logs the given message with the given level.</doc>
<status status="PASS" start="2024-05-07T11:27:04.058964" elapsed="0.000147"/>
</kw>
<kw name="Generate Random String" owner="String">
<msg time="2024-05-07T11:27:04.059493" level="INFO">${nome_randomic} = yTiyNjofCIdPULaKDgPbWhrzSQYobQLyzAhYOhEjRceyWFqRFU</msg>
<var>${nome_randomic}</var>
<arg>50</arg>
<arg>chars=[LETTERS]</arg>
<doc>Generates a string with a desired ``length`` from the given ``chars``.</doc>
<status status="PASS" start="2024-05-07T11:27:04.059220" elapsed="0.000315"/>
</kw>
<kw name="Convert To Lower Case" owner="String">
<msg time="2024-05-07T11:27:04.059993" level="INFO">${nome_randomic} = ytiynjofcidpulakdgpbwhrzsqyobqlyzahyohejrceywfqrfu</msg>
<var>${nome_randomic}</var>
<arg>${nome_randomic}</arg>
<doc>Converts string to lower case.</doc>
<status status="PASS" start="2024-05-07T11:27:04.059746" elapsed="0.000539"/>
</kw>
<kw name="Set Test Variable" owner="BuiltIn">
<msg time="2024-05-07T11:27:04.061718" level="INFO">${nomecom50} = ytiynjofcidpulakdgpbwhrzsqyobqlyzahyohejrceywfqrfu</msg>
<arg>${nomecom50}</arg>
<arg>${nome_randomic}</arg>
<doc>Makes a variable available everywhere within the scope of the current test.</doc>
<status status="PASS" start="2024-05-07T11:27:04.060511" elapsed="0.001266"/>
</kw>
<kw name="Log" owner="BuiltIn">
<msg time="2024-05-07T11:27:04.062087" level="INFO">ytiynjofcidpulakdgpbwhrzsqyobqlyzahyohejrceywfqrfu</msg>
<arg>${nomecom50}</arg>
<doc>Logs the given message with the given level.</doc>
<status status="PASS" start="2024-05-07T11:27:04.061976" elapsed="0.000140"/>
</kw>
<kw name="Generate Random String" owner="String">
<msg time="2024-05-07T11:27:04.062386" level="INFO">${nome_randomic} = RlDnsff</msg>
<var>${nome_randomic}</var>
<arg>7</arg>
<arg>chars=[LETTERS]</arg>
<doc>Generates a string with a desired ``length`` from the given ``chars``.</doc>
<status status="PASS" start="2024-05-07T11:27:04.062225" elapsed="0.000176"/>
</kw>
<kw name="Convert To Lower Case" owner="String">
<msg time="2024-05-07T11:27:04.062577" level="INFO">${nome_randomic} = rldnsff</msg>
<var>${nome_randomic}</var>
<arg>${nome_randomic}</arg>
<doc>Converts string to lower case.</doc>
<status status="PASS" start="2024-05-07T11:27:04.062486" elapsed="0.000106"/>
</kw>
<kw name="Set Test Variable" owner="BuiltIn">
<msg time="2024-05-07T11:27:04.063268" level="INFO">${nameboard} = rldnsff</msg>
<arg>${nameboard}</arg>
<arg>${nome_randomic}</arg>
<doc>Makes a variable available everywhere within the scope of the current test.</doc>
<status status="PASS" start="2024-05-07T11:27:04.062667" elapsed="0.000633"/>
</kw>
<kw name="Log" owner="BuiltIn">
<msg time="2024-05-07T11:27:04.063464" level="INFO">rldnsff</msg>
<arg>${nameboard}</arg>
<doc>Logs the given message with the given level.</doc>
<status status="PASS" start="2024-05-07T11:27:04.063381" elapsed="0.000109"/>
</kw>
<status status="PASS" start="2024-05-07T11:27:04.046702" elapsed="0.016838"/>
</kw>
<kw name="Incluir department" owner="API">
<kw name="Create Dictionary" owner="BuiltIn">
<msg time="2024-05-07T11:27:04.064122" level="INFO">${headers} = {'Authorization': 'eyJhbGciOiJIUzI1NiIsInR5cCI6IkpXVCJ9.eyJfaWQiOiI2NTMzMGMxZWZiOGYzZGFkMTNhNjgwOGIiLCJmdWxsTmFtZSI6IlFhLUNvZGVycy1TWVNBRE1JTiIsIm1haWwiOiJzeXNhZG1pbkBxYWNvZGVycy5jb20iLCJwYXNzd29yZCI6...</msg>
<var>${headers}</var>
<arg>Authorization=${token}</arg>
<doc>Creates and returns a dictionary based on the given ``items``.</doc>
<status status="PASS" start="2024-05-07T11:27:04.063965" elapsed="0.000176"/>
</kw>
<kw name="Create Dictionary" owner="BuiltIn">
<msg time="2024-05-07T11:27:04.064364" level="INFO">${body} = {'departmentName': 'sjuzsovzesdepmen', 'costCenterId': '65855af6a2d3ae70485da0b7'}</msg>
<var>${body}</var>
<arg>departmentName=${nomedepartamento}</arg>
<arg>costCenterId=65855af6a2d3ae70485da0b7</arg>
<doc>Creates and returns a dictionary based on the given ``items``.</doc>
<status status="PASS" start="2024-05-07T11:27:04.064222" elapsed="0.000159"/>
</kw>
<kw name="Log" owner="BuiltIn">
<msg time="2024-05-07T11:27:04.064534" level="INFO">{'departmentName': 'sjuzsovzesdepmen', 'costCenterId': '65855af6a2d3ae70485da0b7'}</msg>
<arg>${body}</arg>
<doc>Logs the given message with the given level.</doc>
<status status="PASS" start="2024-05-07T11:27:04.064452" elapsed="0.000110"/>
</kw>
<kw name="Create API Session" owner="API">
<kw name="Create Dictionary" owner="BuiltIn">
<msg time="2024-05-07T11:27:04.064937" level="INFO">${headers} = {'accept': 'application/json', 'Content-Type': 'application/json'}</msg>
<var>${headers}</var>
<arg>accept=application/json</arg>
<arg>Content-Type=application/json</arg>
<doc>Creates and returns a dictionary based on the given ``items``.</doc>
<status status="PASS" start="2024-05-07T11:27:04.064834" elapsed="0.000118"/>
</kw>
<kw name="Create Session" owner="RequestsLibrary">
<msg time="2024-05-07T11:27:04.065159" level="INFO">Creating Session using : alias=APITheOriginals, url=https://the-originals.qacoders-academy.com.br, headers={'accept': 'application/json', 'Content-Type': 'application/json'},                     cookies={}, auth=None, timeout=None, proxies=None, verify=False,                     debug=0 </msg>
<arg>alias=APITheOriginals</arg>
<arg>url=https://the-originals.qacoders-academy.com.br</arg>
<arg>headers=${headers}</arg>
<doc>Create Session: create a HTTP session to a server</doc>
<status status="PASS" start="2024-05-07T11:27:04.065025" elapsed="0.000253"/>
</kw>
<status status="PASS" start="2024-05-07T11:27:04.064654" elapsed="0.000670"/>
</kw>
<kw name="POST On Session" owner="RequestsLibrary">
<msg time="2024-05-07T11:27:04.162631" level="INFO">POST Request : url=https://the-originals.qacoders-academy.com.br/api/department/ 
 path_url=/api/department/ 
 headers={'User-Agent': 'python-requests/2.31.0', 'Accept-Encoding': 'gzip, deflate, br', 'accept': 'application/json', 'Connection': 'keep-alive', 'Content-Type': 'application/json', 'Authorization': 'eyJhbGciOiJIUzI1NiIsInR5cCI6IkpXVCJ9.eyJfaWQiOiI2NTMzMGMxZWZiOGYzZGFkMTNhNjgwOGIiLCJmdWxsTmFtZSI6IlFhLUNvZGVycy1TWVNBRE1JTiIsIm1haWwiOiJzeXNhZG1pbkBxYWNvZGVycy5jb20iLCJwYXNzd29yZCI6IiQyYiQxMCQza0MxMHZ1L0VqTW9SUVVtcVFxL0guN2NyV1lJSUJjQkRUMmc0UlUwQlE0bXJSaTRKRXhPdSIsImFjY2Vzc1Byb2ZpbGUiOiJTWVNBRE1JTiIsImNwZiI6IjExMTExMTExMTExIiwic3RhdHVzIjp0cnVlLCJhdWRpdCI6W3sicmVnaXN0ZXJlZEJ5Ijp7InVzZXJJZCI6IjExMTExMTExMTExMTExMTExMSIsInVzZXJMb2dpbiI6InN5c2FkbWluQHFhY29kZXJzLmNvbSJ9LCJyZWdpc3RyYXRpb25EYXRlIjoic2V4dGEtZmVpcmEsIDIwLzEwLzIwMjMsIDIwOjI0OjE0IEJSVCIsInJlZ2lzdHJhdGlvbk51bWJlciI6IjAxIiwiY29tcGFueUlkIjoiUWEuQ29kZXJzIiwiX2lkIjoiNjUzMzBjMWVmYjhmM2RhZDEzYTY4MDhjIn1dLCJfX3YiOjAsImlhdCI6MTcxNTA5MjA0MSwiZXhwIjoxNzE1MTc4NDQxfQ.2nOQeQOBygiletrkK69fYKKHkZeSy4Xk7wcSoEZKXgk', 'Content-Length': '82'} 
 body=b'{"departmentName": "sjuzsovzesdepmen", "costCenterId": "65855af6a2d3ae70485da0b7"}' 
 </msg>
<msg time="2024-05-07T11:27:04.162877" level="INFO">POST Response : url=https://the-originals.qacoders-academy.com.br/api/department/ 
 status=201, reason=Created 
 headers={'Server': 'nginx/1.18.0 (Ubuntu)', 'Date': 'Tue, 07 May 2024 14:27:21 GMT', 'Content-Type': 'application/json; charset=utf-8', 'Content-Length': '384', 'Connection': 'keep-alive', 'X-Powered-By': 'Express', 'Access-Control-Allow-Origin': '*', 'Access-Control-Allow-Methods': 'GET, POST, OPTIONS, PUT, PATCH, DELETE', 'Access-Control-Allow-Headers': 'Origin, X-Requested-With, Content-Type, Accept, Authorization', 'ETag': 'W/"180-LSI3wEBl/MjIpD1FRGBRsQKS/QA"'} 
 body={"msg":"Cadastro realizado com sucesso.","newDepartment":{"departmentName":"sjuzsovzesdepmen","costCenter":"65855af6a2d3ae70485da0b7","status":true,"audit":[{"registrationDate":"terça-feira, 07/05/2024, 11:27:21 BRT","registeredBy":{"userId":"65330c1efb8f3dad13a6808b","userLogin":"sysadmin@qacoders.com"},"_id":"663a3a494ebd54fc6f2fd3ea"}],"_id":"663a3a494ebd54fc6f2fd3e9","__v":0}} 
 </msg>
<msg time="2024-05-07T11:27:04.163032" level="INFO">/usr/lib/python3.12/site-packages/urllib3/connectionpool.py:1061: InsecureRequestWarning: Unverified HTTPS request is being made to host 'the-originals.qacoders-academy.com.br'. Adding certificate verification is strongly advised. See: https://urllib3.readthedocs.io/en/1.26.x/advanced-usage.html#ssl-warnings
  warnings.warn(</msg>
<msg time="2024-05-07T11:27:04.163265" level="INFO">${response} = &lt;Response [201]&gt;</msg>
<var>${response}</var>
<arg>alias=APITheOriginals</arg>
<arg>url=/api/department/</arg>
<arg>json=${body}</arg>
<arg>headers=${headers}</arg>
<doc>Sends a POST request on a previously created HTTP Session.</doc>
<status status="PASS" start="2024-05-07T11:27:04.065394" elapsed="0.097925"/>
</kw>
<kw name="Log" owner="BuiltIn">
<msg time="2024-05-07T11:27:04.165047" level="INFO">{'msg': 'Cadastro realizado com sucesso.', 'newDepartment': {'departmentName': 'sjuzsovzesdepmen', 'costCenter': '65855af6a2d3ae70485da0b7', 'status': True, 'audit': [{'registrationDate': 'terça-feira, 07/05/2024, 11:27:21 BRT', 'registeredBy': {'userId': '65330c1efb8f3dad13a6808b', 'userLogin': 'sysadmin@qacoders.com'}, '_id': '663a3a494ebd54fc6f2fd3ea'}], '_id': '663a3a494ebd54fc6f2fd3e9', '__v': 0}}</msg>
<arg>${response.json()}</arg>
<doc>Logs the given message with the given level.</doc>
<status status="PASS" start="2024-05-07T11:27:04.163695" elapsed="0.001638"/>
</kw>
<kw name="Set Test Variable" owner="BuiltIn">
<msg time="2024-05-07T11:27:04.168418" level="INFO">${ID_USUARIO} = 663a3a494ebd54fc6f2fd3e9</msg>
<arg>${ID_USUARIO}</arg>
<arg>${response.json()['newDepartment']['_id']}</arg>
<doc>Makes a variable available everywhere within the scope of the current test.</doc>
<status status="PASS" start="2024-05-07T11:27:04.165774" elapsed="0.002753"/>
</kw>
<kw name="Set Test Variable" owner="BuiltIn">
<msg time="2024-05-07T11:27:04.170227" level="INFO">${ID_USUARIO} = {'msg': 'Cadastro realizado com sucesso.', 'newDepartment': {'departmentName': 'sjuzsovzesdepmen', 'costCenter': '65855af6a2d3ae70485da0b7', 'status': True, 'audit': [{'registrationDate': 'terça-feira...</msg>
<arg>${ID_USUARIO}</arg>
<arg>${response.json()}</arg>
<doc>Makes a variable available everywhere within the scope of the current test.</doc>
<status status="PASS" start="2024-05-07T11:27:04.168885" elapsed="0.001478"/>
</kw>
<status status="PASS" start="2024-05-07T11:27:04.063733" elapsed="0.106862"/>
</kw>
<status status="PASS" start="2024-05-07T11:27:03.852318" elapsed="0.318637"/>
</test>
<test id="s1-t2" name="CT02 - departamento com letras maiusculas" line="14">
<kw name="Create API Session" owner="API">
<kw name="Create Dictionary" owner="BuiltIn">
<msg time="2024-05-07T11:27:04.172938" level="INFO">${headers} = {'accept': 'application/json', 'Content-Type': 'application/json'}</msg>
<var>${headers}</var>
<arg>accept=application/json</arg>
<arg>Content-Type=application/json</arg>
<doc>Creates and returns a dictionary based on the given ``items``.</doc>
<status status="PASS" start="2024-05-07T11:27:04.172583" elapsed="0.000408"/>
</kw>
<kw name="Create Session" owner="RequestsLibrary">
<msg time="2024-05-07T11:27:04.173552" level="INFO">Creating Session using : alias=APITheOriginals, url=https://the-originals.qacoders-academy.com.br, headers={'accept': 'application/json', 'Content-Type': 'application/json'},                     cookies={}, auth=None, timeout=None, proxies=None, verify=False,                     debug=0 </msg>
<arg>alias=APITheOriginals</arg>
<arg>url=https://the-originals.qacoders-academy.com.br</arg>
<arg>headers=${headers}</arg>
<doc>Create Session: create a HTTP session to a server</doc>
<status status="PASS" start="2024-05-07T11:27:04.173207" elapsed="0.000602"/>
</kw>
<status status="PASS" start="2024-05-07T11:27:04.172127" elapsed="0.001812"/>
</kw>
<kw name="Login de acesso" owner="API">
<kw name="Create Dictionary" owner="BuiltIn">
<msg time="2024-05-07T11:27:04.175182" level="INFO">${body} = {'mail': 'sysadmin@qacoders.com', 'password': '1234@Test'}</msg>
<var>${body}</var>
<arg>mail=${mail}</arg>
<arg>password=${password}</arg>
<doc>Creates and returns a dictionary based on the given ``items``.</doc>
<status status="PASS" start="2024-05-07T11:27:04.174853" elapsed="0.000367"/>
</kw>
<kw name="Log" owner="BuiltIn">
<msg time="2024-05-07T11:27:04.175581" level="INFO">{'mail': 'sysadmin@qacoders.com', 'password': '1234@Test'}</msg>
<arg>${body}</arg>
<doc>Logs the given message with the given level.</doc>
<status status="PASS" start="2024-05-07T11:27:04.175379" elapsed="0.000282"/>
</kw>
<kw name="Create API Session" owner="API">
<kw name="Create Dictionary" owner="BuiltIn">
<msg time="2024-05-07T11:27:04.176365" level="INFO">${headers} = {'accept': 'application/json', 'Content-Type': 'application/json'}</msg>
<var>${headers}</var>
<arg>accept=application/json</arg>
<arg>Content-Type=application/json</arg>
<doc>Creates and returns a dictionary based on the given ``items``.</doc>
<status status="PASS" start="2024-05-07T11:27:04.176143" elapsed="0.000254"/>
</kw>
<kw name="Create Session" owner="RequestsLibrary">
<msg time="2024-05-07T11:27:04.176834" level="INFO">Creating Session using : alias=APITheOriginals, url=https://the-originals.qacoders-academy.com.br, headers={'accept': 'application/json', 'Content-Type': 'application/json'},                     cookies={}, auth=None, timeout=None, proxies=None, verify=False,                     debug=0 </msg>
<arg>alias=APITheOriginals</arg>
<arg>url=https://the-originals.qacoders-academy.com.br</arg>
<arg>headers=${headers}</arg>
<doc>Create Session: create a HTTP session to a server</doc>
<status status="PASS" start="2024-05-07T11:27:04.176575" elapsed="0.000455"/>
</kw>
<status status="PASS" start="2024-05-07T11:27:04.175849" elapsed="0.001277"/>
</kw>
<kw name="POST On Session" owner="RequestsLibrary">
<msg time="2024-05-07T11:27:04.429476" level="INFO">POST Request : url=https://the-originals.qacoders-academy.com.br/api/login 
 path_url=/api/login 
 headers={'User-Agent': 'python-requests/2.31.0', 'Accept-Encoding': 'gzip, deflate, br', 'accept': 'application/json', 'Connection': 'keep-alive', 'Content-Type': 'application/json', 'Content-Length': '58'} 
 body=b'{"mail": "sysadmin@qacoders.com", "password": "1234@Test"}' 
 </msg>
<msg time="2024-05-07T11:27:04.429666" level="INFO">POST Response : url=https://the-originals.qacoders-academy.com.br/api/login 
 status=200, reason=OK 
 headers={'Server': 'nginx/1.18.0 (Ubuntu)', 'Date': 'Tue, 07 May 2024 14:27:21 GMT', 'Content-Type': 'application/json; charset=utf-8', 'Transfer-Encoding': 'chunked', 'Connection': 'keep-alive', 'X-Powered-By': 'Express', 'Access-Control-Allow-Origin': '*', 'Access-Control-Allow-Methods': 'GET, POST, OPTIONS, PUT, PATCH, DELETE', 'Access-Control-Allow-Headers': 'Origin, X-Requested-With, Content-Type, Accept, Authorization', 'ETag': 'W/"534-m98zsn7HoZISkJWQnC34AspQ7kg"', 'Content-Encoding': 'gzip'} 
 body={"msg":"Olá Qa-Coders-SYSADMIN, autenticação autorizada com sucesso!","user":{"_id":"65330c1efb8f3dad13a6808b","fullName":"Qa-Coders-SYSADMIN","mail":"sysadmin@qacoders.com","password":"$2b$10$3kC10vu/EjMoRQUmqQq/H.7crWYIIBcBDT2g4RU0BQ4mrRi4JExOu","accessProfile":"SYSADMIN","cpf":"11111111111","status":true,"audit":[{"registeredBy":{"userId":"111111111111111111","userLogin":"sysadmin@qacoders.com"},"registrationDate":"sexta-feira, 20/10/2023, 20:24:14 BRT","registrationNumber":"01","companyId":"Qa.Coders","_id":"65330c1efb8f3dad13a6808c"}],"__v":0},"token":"eyJhbGciOiJIUzI1NiIsInR5cCI6IkpXVCJ9.eyJfaWQiOiI2NTMzMGMxZWZiOGYzZGFkMTNhNjgwOGIiLCJmdWxsTmFtZSI6IlFhLUNvZGVycy1TWVNBRE1JTiIsIm1haWwiOiJzeXNhZG1pbkBxYWNvZGVycy5jb20iLCJwYXNzd29yZCI6IiQyYiQxMCQza0MxMHZ1L0VqTW9SUVVtcVFxL0guN2NyV1lJSUJjQkRUMmc0UlUwQlE0bXJSaTRKRXhPdSIsImFjY2Vzc1Byb2ZpbGUiOiJTWVNBRE1JTiIsImNwZiI6IjExMTExMTExMTExIiwic3RhdHVzIjp0cnVlLCJhdWRpdCI6W3sicmVnaXN0ZXJlZEJ5Ijp7InVzZXJJZCI6IjExMTExMTExMTExMTExMTExMSIsInVzZXJMb2dpbiI6InN5c2FkbWluQHFhY29kZXJzLmNvbSJ9LCJyZWdpc3RyYXRpb25EYXRlIjoic2V4dGEtZmVpcmEsIDIwLzEwLzIwMjMsIDIwOjI0OjE0IEJSVCIsInJlZ2lzdHJhdGlvbk51bWJlciI6IjAxIiwiY29tcGFueUlkIjoiUWEuQ29kZXJzIiwiX2lkIjoiNjUzMzBjMWVmYjhmM2RhZDEzYTY4MDhjIn1dLCJfX3YiOjAsImlhdCI6MTcxNTA5MjA0MSwiZXhwIjoxNzE1MTc4NDQxfQ.2nOQeQOBygiletrkK69fYKKHkZeSy4Xk7wcSoEZKXgk"} 
 </msg>
<msg time="2024-05-07T11:27:04.429814" level="INFO">/usr/lib/python3.12/site-packages/urllib3/connectionpool.py:1061: InsecureRequestWarning: Unverified HTTPS request is being made to host 'the-originals.qacoders-academy.com.br'. Adding certificate verification is strongly advised. See: https://urllib3.readthedocs.io/en/1.26.x/advanced-usage.html#ssl-warnings
  warnings.warn(</msg>
<msg time="2024-05-07T11:27:04.430053" level="INFO">${response} = &lt;Response [200]&gt;</msg>
<var>${response}</var>
<arg>alias=APITheOriginals</arg>
<arg>url=/api/login</arg>
<arg>json=${body}</arg>
<doc>Sends a POST request on a previously created HTTP Session.</doc>
<status status="PASS" start="2024-05-07T11:27:04.177264" elapsed="0.252859"/>
</kw>
<kw name="Log" owner="BuiltIn">
<msg time="2024-05-07T11:27:04.431987" level="INFO">{'msg': 'Olá Qa-Coders-SYSADMIN, autenticação autorizada com sucesso!', 'user': {'_id': '65330c1efb8f3dad13a6808b', 'fullName': 'Qa-Coders-SYSADMIN', 'mail': 'sysadmin@qacoders.com', 'password': '$2b$10$3kC10vu/EjMoRQUmqQq/H.7crWYIIBcBDT2g4RU0BQ4mrRi4JExOu', 'accessProfile': 'SYSADMIN', 'cpf': '11111111111', 'status': True, 'audit': [{'registeredBy': {'userId': '111111111111111111', 'userLogin': 'sysadmin@qacoders.com'}, 'registrationDate': 'sexta-feira, 20/10/2023, 20:24:14 BRT', 'registrationNumber': '01', 'companyId': 'Qa.Coders', '_id': '65330c1efb8f3dad13a6808c'}], '__v': 0}, 'token': 'eyJhbGciOiJIUzI1NiIsInR5cCI6IkpXVCJ9.eyJfaWQiOiI2NTMzMGMxZWZiOGYzZGFkMTNhNjgwOGIiLCJmdWxsTmFtZSI6IlFhLUNvZGVycy1TWVNBRE1JTiIsIm1haWwiOiJzeXNhZG1pbkBxYWNvZGVycy5jb20iLCJwYXNzd29yZCI6IiQyYiQxMCQza0MxMHZ1L0VqTW9SUVVtcVFxL0guN2NyV1lJSUJjQkRUMmc0UlUwQlE0bXJSaTRKRXhPdSIsImFjY2Vzc1Byb2ZpbGUiOiJTWVNBRE1JTiIsImNwZiI6IjExMTExMTExMTExIiwic3RhdHVzIjp0cnVlLCJhdWRpdCI6W3sicmVnaXN0ZXJlZEJ5Ijp7InVzZXJJZCI6IjExMTExMTExMTExMTExMTExMSIsInVzZXJMb2dpbiI6InN5c2FkbWluQHFhY29kZXJzLmNvbSJ9LCJyZWdpc3RyYXRpb25EYXRlIjoic2V4dGEtZmVpcmEsIDIwLzEwLzIwMjMsIDIwOjI0OjE0IEJSVCIsInJlZ2lzdHJhdGlvbk51bWJlciI6IjAxIiwiY29tcGFueUlkIjoiUWEuQ29kZXJzIiwiX2lkIjoiNjUzMzBjMWVmYjhmM2RhZDEzYTY4MDhjIn1dLCJfX3YiOjAsImlhdCI6MTcxNTA5MjA0MSwiZXhwIjoxNzE1MTc4NDQxfQ.2nOQeQOBygiletrkK69fYKKHkZeSy4Xk7wcSoEZKXgk'}</msg>
<arg>${response.json()}</arg>
<doc>Logs the given message with the given level.</doc>
<status status="PASS" start="2024-05-07T11:27:04.430597" elapsed="0.001601"/>
</kw>
<kw name="Set Test Variable" owner="BuiltIn">
<msg time="2024-05-07T11:27:04.434925" level="INFO">${TOKEN} = eyJhbGciOiJIUzI1NiIsInR5cCI6IkpXVCJ9.eyJfaWQiOiI2NTMzMGMxZWZiOGYzZGFkMTNhNjgwOGIiLCJmdWxsTmFtZSI6IlFhLUNvZGVycy1TWVNBRE1JTiIsIm1haWwiOiJzeXNhZG1pbkBxYWNvZGVycy5jb20iLCJwYXNzd29yZCI6IiQyYiQxMCQza0MxMHZ...</msg>
<arg>${TOKEN}</arg>
<arg>${response.json()["token"]}</arg>
<doc>Makes a variable available everywhere within the scope of the current test.</doc>
<status status="PASS" start="2024-05-07T11:27:04.432509" elapsed="0.002527"/>
</kw>
<status status="PASS" start="2024-05-07T11:27:04.174364" elapsed="0.260843"/>
</kw>
<kw name="Criar um nome randomico departamento/board" owner="API">
<kw name="Generate Random String" owner="String">
<msg time="2024-05-07T11:27:04.436867" level="INFO">${nome_randomic} = goyYftXYMD</msg>
<var>${nome_randomic}</var>
<arg>10</arg>
<arg>chars=[LETTERS]</arg>
<doc>Generates a string with a desired ``length`` from the given ``chars``.</doc>
<status status="PASS" start="2024-05-07T11:27:04.436375" elapsed="0.000548"/>
</kw>
<kw name="Convert To Lower Case" owner="String">
<msg time="2024-05-07T11:27:04.437470" level="INFO">${nome_randomic} = goyyftxymd</msg>
<var>${nome_randomic}</var>
<arg>${nome_randomic}</arg>
<doc>Converts string to lower case.</doc>
<status status="PASS" start="2024-05-07T11:27:04.437171" elapsed="0.000351"/>
</kw>
<kw name="Set Test Variable" owner="BuiltIn">
<msg time="2024-05-07T11:27:04.439754" level="INFO">${nomedepartamento} = goyyftxymddepmen</msg>
<arg>${nomedepartamento}</arg>
<arg>${nome_randomic}depmen</arg>
<doc>Makes a variable available everywhere within the scope of the current test.</doc>
<status status="PASS" start="2024-05-07T11:27:04.437840" elapsed="0.002023"/>
</kw>
<kw name="Log" owner="BuiltIn">
<msg time="2024-05-07T11:27:04.440404" level="INFO">goyyftxymddepmen</msg>
<arg>${nomedepartamento}</arg>
<doc>Logs the given message with the given level.</doc>
<status status="PASS" start="2024-05-07T11:27:04.440148" elapsed="0.000337"/>
</kw>
<kw name="Generate Random String" owner="String">
<msg time="2024-05-07T11:27:04.441162" level="INFO">${nome_randomic} = ABLBJuTGi</msg>
<var>${nome_randomic}</var>
<arg>9</arg>
<arg>chars=[LETTERS]</arg>
<doc>Generates a string with a desired ``length`` from the given ``chars``.</doc>
<status status="PASS" start="2024-05-07T11:27:04.440706" elapsed="0.000528"/>
</kw>
<kw name="Convert To Lower Case" owner="String">
<msg time="2024-05-07T11:27:04.441847" level="INFO">${nome_randomic} = ablbjutgi</msg>
<var>${nome_randomic}</var>
<arg>${nome_randomic}</arg>
<doc>Converts string to lower case.</doc>
<status status="PASS" start="2024-05-07T11:27:04.441495" elapsed="0.000403"/>
</kw>
<kw name="Set Test Variable" owner="BuiltIn">
<msg time="2024-05-07T11:27:04.444194" level="INFO">${nomedepart&amp;} = ablbjutgidepar&amp;</msg>
<arg>${nomedepart&amp;}</arg>
<arg>${nome_randomic}depar&amp;</arg>
<doc>Makes a variable available everywhere within the scope of the current test.</doc>
<status status="PASS" start="2024-05-07T11:27:04.442239" elapsed="0.002052"/>
</kw>
<kw name="Log" owner="BuiltIn">
<msg time="2024-05-07T11:27:04.444741" level="INFO">ablbjutgidepar&amp;</msg>
<arg>${nomedepart&amp;}</arg>
<doc>Logs the given message with the given level.</doc>
<status status="PASS" start="2024-05-07T11:27:04.444526" elapsed="0.000280"/>
</kw>
<kw name="Generate Random String" owner="String">
<msg time="2024-05-07T11:27:04.445301" level="INFO">${nome_randomic} = vJYYDbhL</msg>
<var>${nome_randomic}</var>
<arg>8</arg>
<arg>chars=[LETTERS]</arg>
<doc>Generates a string with a desired ``length`` from the given ``chars``.</doc>
<status status="PASS" start="2024-05-07T11:27:04.444984" elapsed="0.000355"/>
</kw>
<kw name="Convert To Upper Case" owner="String">
<msg time="2024-05-07T11:27:04.446011" level="INFO">${nome_randomic} = VJYYDBHL</msg>
<var>${nome_randomic}</var>
<arg>${nome_randomic}</arg>
<doc>Converts string to upper case.</doc>
<status status="PASS" start="2024-05-07T11:27:04.445526" elapsed="0.000530"/>
</kw>
<kw name="Set Test Variable" owner="BuiltIn">
<msg time="2024-05-07T11:27:04.447728" level="INFO">${NOMEDEPAT} = VJYYDBHLDEP</msg>
<arg>${NOMEDEPAT}</arg>
<arg>${nome_randomic}DEP</arg>
<doc>Makes a variable available everywhere within the scope of the current test.</doc>
<status status="PASS" start="2024-05-07T11:27:04.446190" elapsed="0.001669"/>
</kw>
<kw name="Log" owner="BuiltIn">
<msg time="2024-05-07T11:27:04.448396" level="INFO">VJYYDBHLDEP</msg>
<arg>${NOMEDEPAT}</arg>
<doc>Logs the given message with the given level.</doc>
<status status="PASS" start="2024-05-07T11:27:04.448157" elapsed="0.000294"/>
</kw>
<kw name="Generate Random String" owner="String">
<msg time="2024-05-07T11:27:04.448902" level="INFO">${nome_randomic} = yQLZcdBUO</msg>
<var>${nome_randomic}</var>
<arg>9</arg>
<arg>chars=[LETTERS]</arg>
<doc>Generates a string with a desired ``length`` from the given ``chars``.</doc>
<status status="PASS" start="2024-05-07T11:27:04.448609" elapsed="0.000321"/>
</kw>
<kw name="Convert To Lower Case" owner="String">
<msg time="2024-05-07T11:27:04.449274" level="INFO">${nome_randomic} = yqlzcdbuo</msg>
<var>${nome_randomic}</var>
<arg>${nome_randomic}</arg>
<doc>Converts string to lower case.</doc>
<status status="PASS" start="2024-05-07T11:27:04.449112" elapsed="0.000187"/>
</kw>
<kw name="Set Test Variable" owner="BuiltIn">
<msg time="2024-05-07T11:27:04.450323" level="INFO">${nomedepartminus} = yqlzcdbuodepar&amp;</msg>
<arg>${nomedepartminus}</arg>
<arg>${nome_randomic}depar&amp;</arg>
<doc>Makes a variable available everywhere within the scope of the current test.</doc>
<status status="PASS" start="2024-05-07T11:27:04.449478" elapsed="0.000913"/>
</kw>
<kw name="Log" owner="BuiltIn">
<msg time="2024-05-07T11:27:04.450658" level="INFO">yqlzcdbuodepar&amp;</msg>
<arg>${nomedepartminus}</arg>
<doc>Logs the given message with the given level.</doc>
<status status="PASS" start="2024-05-07T11:27:04.450513" elapsed="0.000182"/>
</kw>
<kw name="Generate Random String" owner="String">
<msg time="2024-05-07T11:27:04.451035" level="INFO">${nome_randomic} = PJrxEqReUfEbwMFfWlsWTokesAwHJNHfLSFZPuFiTrGBtPjnsp</msg>
<var>${nome_randomic}</var>
<arg>50</arg>
<arg>chars=[LETTERS]</arg>
<doc>Generates a string with a desired ``length`` from the given ``chars``.</doc>
<status status="PASS" start="2024-05-07T11:27:04.450794" elapsed="0.000266"/>
</kw>
<kw name="Convert To Lower Case" owner="String">
<msg time="2024-05-07T11:27:04.451357" level="INFO">${nome_randomic} = pjrxeqreufebwmffwlswtokesawhjnhflsfzpufitrgbtpjnsp</msg>
<var>${nome_randomic}</var>
<arg>${nome_randomic}</arg>
<doc>Converts string to lower case.</doc>
<status status="PASS" start="2024-05-07T11:27:04.451158" elapsed="0.000225"/>
</kw>
<kw name="Set Test Variable" owner="BuiltIn">
<msg time="2024-05-07T11:27:04.452212" level="INFO">${nomecom50} = pjrxeqreufebwmffwlswtokesawhjnhflsfzpufitrgbtpjnsp</msg>
<arg>${nomecom50}</arg>
<arg>${nome_randomic}</arg>
<doc>Makes a variable available everywhere within the scope of the current test.</doc>
<status status="PASS" start="2024-05-07T11:27:04.451514" elapsed="0.000739"/>
</kw>
<kw name="Log" owner="BuiltIn">
<msg time="2024-05-07T11:27:04.452480" level="INFO">pjrxeqreufebwmffwlswtokesawhjnhflsfzpufitrgbtpjnsp</msg>
<arg>${nomecom50}</arg>
<doc>Logs the given message with the given level.</doc>
<status status="PASS" start="2024-05-07T11:27:04.452363" elapsed="0.000170"/>
</kw>
<kw name="Generate Random String" owner="String">
<msg time="2024-05-07T11:27:04.453046" level="INFO">${nome_randomic} = OPrPJAU</msg>
<var>${nome_randomic}</var>
<arg>7</arg>
<arg>chars=[LETTERS]</arg>
<doc>Generates a string with a desired ``length`` from the given ``chars``.</doc>
<status status="PASS" start="2024-05-07T11:27:04.452653" elapsed="0.000421"/>
</kw>
<kw name="Convert To Lower Case" owner="String">
<msg time="2024-05-07T11:27:04.453349" level="INFO">${nome_randomic} = oprpjau</msg>
<var>${nome_randomic}</var>
<arg>${nome_randomic}</arg>
<doc>Converts string to lower case.</doc>
<status status="PASS" start="2024-05-07T11:27:04.453195" elapsed="0.000203"/>
</kw>
<kw name="Set Test Variable" owner="BuiltIn">
<msg time="2024-05-07T11:27:04.454777" level="INFO">${nameboard} = oprpjau</msg>
<arg>${nameboard}</arg>
<arg>${nome_randomic}</arg>
<doc>Makes a variable available everywhere within the scope of the current test.</doc>
<status status="PASS" start="2024-05-07T11:27:04.453637" elapsed="0.001209"/>
</kw>
<kw name="Log" owner="BuiltIn">
<msg time="2024-05-07T11:27:04.455032" level="INFO">oprpjau</msg>
<arg>${nameboard}</arg>
<doc>Logs the given message with the given level.</doc>
<status status="PASS" start="2024-05-07T11:27:04.454940" elapsed="0.000119"/>
</kw>
<status status="PASS" start="2024-05-07T11:27:04.435838" elapsed="0.019272"/>
</kw>
<kw name="departamento com letras maiusculas" owner="API">
<kw name="Create Dictionary" owner="BuiltIn">
<msg time="2024-05-07T11:27:04.455700" level="INFO">${headers} = {'Authorization': 'eyJhbGciOiJIUzI1NiIsInR5cCI6IkpXVCJ9.eyJfaWQiOiI2NTMzMGMxZWZiOGYzZGFkMTNhNjgwOGIiLCJmdWxsTmFtZSI6IlFhLUNvZGVycy1TWVNBRE1JTiIsIm1haWwiOiJzeXNhZG1pbkBxYWNvZGVycy5jb20iLCJwYXNzd29yZCI6...</msg>
<var>${headers}</var>
<arg>Authorization=${token}</arg>
<doc>Creates and returns a dictionary based on the given ``items``.</doc>
<status status="PASS" start="2024-05-07T11:27:04.455543" elapsed="0.000177"/>
</kw>
<kw name="Create Dictionary" owner="BuiltIn">
<msg time="2024-05-07T11:27:04.455932" level="INFO">${body} = {'departmentName': 'VJYYDBHLDEP', 'costCenterId': '65855af6a2d3ae70485da0b7'}</msg>
<var>${body}</var>
<arg>departmentName=${NOMEDEPAT}</arg>
<arg>costCenterId=65855af6a2d3ae70485da0b7</arg>
<doc>Creates and returns a dictionary based on the given ``items``.</doc>
<status status="PASS" start="2024-05-07T11:27:04.455799" elapsed="0.000150"/>
</kw>
<kw name="Log" owner="BuiltIn">
<msg time="2024-05-07T11:27:04.456108" level="INFO">{'departmentName': 'VJYYDBHLDEP', 'costCenterId': '65855af6a2d3ae70485da0b7'}</msg>
<arg>${body}</arg>
<doc>Logs the given message with the given level.</doc>
<status status="PASS" start="2024-05-07T11:27:04.456027" elapsed="0.000107"/>
</kw>
<kw name="Create API Session" owner="API">
<kw name="Create Dictionary" owner="BuiltIn">
<msg time="2024-05-07T11:27:04.456525" level="INFO">${headers} = {'accept': 'application/json', 'Content-Type': 'application/json'}</msg>
<var>${headers}</var>
<arg>accept=application/json</arg>
<arg>Content-Type=application/json</arg>
<doc>Creates and returns a dictionary based on the given ``items``.</doc>
<status status="PASS" start="2024-05-07T11:27:04.456419" elapsed="0.000128"/>
</kw>
<kw name="Create Session" owner="RequestsLibrary">
<msg time="2024-05-07T11:27:04.456851" level="INFO">Creating Session using : alias=APITheOriginals, url=https://the-originals.qacoders-academy.com.br, headers={'accept': 'application/json', 'Content-Type': 'application/json'},                     cookies={}, auth=None, timeout=None, proxies=None, verify=False,                     debug=0 </msg>
<arg>alias=APITheOriginals</arg>
<arg>url=https://the-originals.qacoders-academy.com.br</arg>
<arg>headers=${headers}</arg>
<doc>Create Session: create a HTTP session to a server</doc>
<status status="PASS" start="2024-05-07T11:27:04.456667" elapsed="0.000317"/>
</kw>
<status status="PASS" start="2024-05-07T11:27:04.456235" elapsed="0.000807"/>
</kw>
<kw name="POST On Session" owner="RequestsLibrary">
<msg time="2024-05-07T11:27:04.540569" level="INFO">POST Request : url=https://the-originals.qacoders-academy.com.br/api/department/ 
 path_url=/api/department/ 
 headers={'User-Agent': 'python-requests/2.31.0', 'Accept-Encoding': 'gzip, deflate, br', 'accept': 'application/json', 'Connection': 'keep-alive', 'Content-Type': 'application/json', 'Authorization': 'eyJhbGciOiJIUzI1NiIsInR5cCI6IkpXVCJ9.eyJfaWQiOiI2NTMzMGMxZWZiOGYzZGFkMTNhNjgwOGIiLCJmdWxsTmFtZSI6IlFhLUNvZGVycy1TWVNBRE1JTiIsIm1haWwiOiJzeXNhZG1pbkBxYWNvZGVycy5jb20iLCJwYXNzd29yZCI6IiQyYiQxMCQza0MxMHZ1L0VqTW9SUVVtcVFxL0guN2NyV1lJSUJjQkRUMmc0UlUwQlE0bXJSaTRKRXhPdSIsImFjY2Vzc1Byb2ZpbGUiOiJTWVNBRE1JTiIsImNwZiI6IjExMTExMTExMTExIiwic3RhdHVzIjp0cnVlLCJhdWRpdCI6W3sicmVnaXN0ZXJlZEJ5Ijp7InVzZXJJZCI6IjExMTExMTExMTExMTExMTExMSIsInVzZXJMb2dpbiI6InN5c2FkbWluQHFhY29kZXJzLmNvbSJ9LCJyZWdpc3RyYXRpb25EYXRlIjoic2V4dGEtZmVpcmEsIDIwLzEwLzIwMjMsIDIwOjI0OjE0IEJSVCIsInJlZ2lzdHJhdGlvbk51bWJlciI6IjAxIiwiY29tcGFueUlkIjoiUWEuQ29kZXJzIiwiX2lkIjoiNjUzMzBjMWVmYjhmM2RhZDEzYTY4MDhjIn1dLCJfX3YiOjAsImlhdCI6MTcxNTA5MjA0MSwiZXhwIjoxNzE1MTc4NDQxfQ.2nOQeQOBygiletrkK69fYKKHkZeSy4Xk7wcSoEZKXgk', 'Content-Length': '77'} 
 body=b'{"departmentName": "VJYYDBHLDEP", "costCenterId": "65855af6a2d3ae70485da0b7"}' 
 </msg>
<msg time="2024-05-07T11:27:04.540789" level="INFO">POST Response : url=https://the-originals.qacoders-academy.com.br/api/department/ 
 status=201, reason=Created 
 headers={'Server': 'nginx/1.18.0 (Ubuntu)', 'Date': 'Tue, 07 May 2024 14:27:21 GMT', 'Content-Type': 'application/json; charset=utf-8', 'Content-Length': '379', 'Connection': 'keep-alive', 'X-Powered-By': 'Express', 'Access-Control-Allow-Origin': '*', 'Access-Control-Allow-Methods': 'GET, POST, OPTIONS, PUT, PATCH, DELETE', 'Access-Control-Allow-Headers': 'Origin, X-Requested-With, Content-Type, Accept, Authorization', 'ETag': 'W/"17b-Iyi5hcYCmxJVDTVYB69sOO8QfXk"'} 
 body={"msg":"Cadastro realizado com sucesso.","newDepartment":{"departmentName":"VJYYDBHLDEP","costCenter":"65855af6a2d3ae70485da0b7","status":true,"audit":[{"registrationDate":"terça-feira, 07/05/2024, 11:27:21 BRT","registeredBy":{"userId":"65330c1efb8f3dad13a6808b","userLogin":"sysadmin@qacoders.com"},"_id":"663a3a494ebd54fc6f2fd3f4"}],"_id":"663a3a494ebd54fc6f2fd3f3","__v":0}} 
 </msg>
<msg time="2024-05-07T11:27:04.540980" level="INFO">/usr/lib/python3.12/site-packages/urllib3/connectionpool.py:1061: InsecureRequestWarning: Unverified HTTPS request is being made to host 'the-originals.qacoders-academy.com.br'. Adding certificate verification is strongly advised. See: https://urllib3.readthedocs.io/en/1.26.x/advanced-usage.html#ssl-warnings
  warnings.warn(</msg>
<msg time="2024-05-07T11:27:04.541235" level="INFO">${response} = &lt;Response [201]&gt;</msg>
<var>${response}</var>
<arg>alias=APITheOriginals</arg>
<arg>url=/api/department/</arg>
<arg>json=${body}</arg>
<arg>headers=${headers}</arg>
<arg>expected_status=201</arg>
<doc>Sends a POST request on a previously created HTTP Session.</doc>
<status status="PASS" start="2024-05-07T11:27:04.457123" elapsed="0.084230"/>
</kw>
<kw name="Log" owner="BuiltIn">
<msg time="2024-05-07T11:27:04.543349" level="INFO">{'msg': 'Cadastro realizado com sucesso.', 'newDepartment': {'departmentName': 'VJYYDBHLDEP', 'costCenter': '65855af6a2d3ae70485da0b7', 'status': True, 'audit': [{'registrationDate': 'terça-feira, 07/05/2024, 11:27:21 BRT', 'registeredBy': {'userId': '65330c1efb8f3dad13a6808b', 'userLogin': 'sysadmin@qacoders.com'}, '_id': '663a3a494ebd54fc6f2fd3f4'}], '_id': '663a3a494ebd54fc6f2fd3f3', '__v': 0}}</msg>
<arg>${response.json()}</arg>
<doc>Logs the given message with the given level.</doc>
<status status="PASS" start="2024-05-07T11:27:04.541791" elapsed="0.001680"/>
</kw>
<kw name="Set Test Variable" owner="BuiltIn">
<msg time="2024-05-07T11:27:04.546384" level="INFO">${ID_USUARIO} = 663a3a494ebd54fc6f2fd3f3</msg>
<arg>${ID_USUARIO}</arg>
<arg>${response.json()['newDepartment']['_id']}</arg>
<doc>Makes a variable available everywhere within the scope of the current test.</doc>
<status status="PASS" start="2024-05-07T11:27:04.543778" elapsed="0.002715"/>
</kw>
<kw name="Set Test Variable" owner="BuiltIn">
<msg time="2024-05-07T11:27:04.548135" level="INFO">${ID_USUARIO} = {'msg': 'Cadastro realizado com sucesso.', 'newDepartment': {'departmentName': 'VJYYDBHLDEP', 'costCenter': '65855af6a2d3ae70485da0b7', 'status': True, 'audit': [{'registrationDate': 'terça-feira, 07/...</msg>
<arg>${ID_USUARIO}</arg>
<arg>${response.json()}</arg>
<doc>Makes a variable available everywhere within the scope of the current test.</doc>
<status status="PASS" start="2024-05-07T11:27:04.546801" elapsed="0.001439"/>
</kw>
<status status="PASS" start="2024-05-07T11:27:04.455293" elapsed="0.093124"/>
</kw>
<status status="PASS" start="2024-05-07T11:27:04.171480" elapsed="0.377204"/>
</test>
<test id="s1-t3" name="CT03 - departamento com letras minúscula" line="20">
<kw name="Create API Session" owner="API">
<kw name="Create Dictionary" owner="BuiltIn">
<msg time="2024-05-07T11:27:04.550460" level="INFO">${headers} = {'accept': 'application/json', 'Content-Type': 'application/json'}</msg>
<var>${headers}</var>
<arg>accept=application/json</arg>
<arg>Content-Type=application/json</arg>
<doc>Creates and returns a dictionary based on the given ``items``.</doc>
<status status="PASS" start="2024-05-07T11:27:04.550162" elapsed="0.000345"/>
</kw>
<kw name="Create Session" owner="RequestsLibrary">
<msg time="2024-05-07T11:27:04.551010" level="INFO">Creating Session using : alias=APITheOriginals, url=https://the-originals.qacoders-academy.com.br, headers={'accept': 'application/json', 'Content-Type': 'application/json'},                     cookies={}, auth=None, timeout=None, proxies=None, verify=False,                     debug=0 </msg>
<arg>alias=APITheOriginals</arg>
<arg>url=https://the-originals.qacoders-academy.com.br</arg>
<arg>headers=${headers}</arg>
<doc>Create Session: create a HTTP session to a server</doc>
<status status="PASS" start="2024-05-07T11:27:04.550707" elapsed="0.000512"/>
</kw>
<status status="PASS" start="2024-05-07T11:27:04.549752" elapsed="0.001562"/>
</kw>
<kw name="Login de acesso" owner="API">
<kw name="Create Dictionary" owner="BuiltIn">
<msg time="2024-05-07T11:27:04.552113" level="INFO">${body} = {'mail': 'sysadmin@qacoders.com', 'password': '1234@Test'}</msg>
<var>${body}</var>
<arg>mail=${mail}</arg>
<arg>password=${password}</arg>
<doc>Creates and returns a dictionary based on the given ``items``.</doc>
<status status="PASS" start="2024-05-07T11:27:04.551831" elapsed="0.000311"/>
</kw>
<kw name="Log" owner="BuiltIn">
<msg time="2024-05-07T11:27:04.552436" level="INFO">{'mail': 'sysadmin@qacoders.com', 'password': '1234@Test'}</msg>
<arg>${body}</arg>
<doc>Logs the given message with the given level.</doc>
<status status="PASS" start="2024-05-07T11:27:04.552292" elapsed="0.000191"/>
</kw>
<kw name="Create API Session" owner="API">
<kw name="Create Dictionary" owner="BuiltIn">
<msg time="2024-05-07T11:27:04.553340" level="INFO">${headers} = {'accept': 'application/json', 'Content-Type': 'application/json'}</msg>
<var>${headers}</var>
<arg>accept=application/json</arg>
<arg>Content-Type=application/json</arg>
<doc>Creates and returns a dictionary based on the given ``items``.</doc>
<status status="PASS" start="2024-05-07T11:27:04.553121" elapsed="0.000252"/>
</kw>
<kw name="Create Session" owner="RequestsLibrary">
<msg time="2024-05-07T11:27:04.553727" level="INFO">Creating Session using : alias=APITheOriginals, url=https://the-originals.qacoders-academy.com.br, headers={'accept': 'application/json', 'Content-Type': 'application/json'},                     cookies={}, auth=None, timeout=None, proxies=None, verify=False,                     debug=0 </msg>
<arg>alias=APITheOriginals</arg>
<arg>url=https://the-originals.qacoders-academy.com.br</arg>
<arg>headers=${headers}</arg>
<doc>Create Session: create a HTTP session to a server</doc>
<status status="PASS" start="2024-05-07T11:27:04.553512" elapsed="0.000397"/>
</kw>
<status status="PASS" start="2024-05-07T11:27:04.552637" elapsed="0.001377"/>
</kw>
<kw name="POST On Session" owner="RequestsLibrary">
<msg time="2024-05-07T11:27:04.774226" level="INFO">POST Request : url=https://the-originals.qacoders-academy.com.br/api/login 
 path_url=/api/login 
 headers={'User-Agent': 'python-requests/2.31.0', 'Accept-Encoding': 'gzip, deflate, br', 'accept': 'application/json', 'Connection': 'keep-alive', 'Content-Type': 'application/json', 'Content-Length': '58'} 
 body=b'{"mail": "sysadmin@qacoders.com", "password": "1234@Test"}' 
 </msg>
<msg time="2024-05-07T11:27:04.774411" level="INFO">POST Response : url=https://the-originals.qacoders-academy.com.br/api/login 
 status=200, reason=OK 
 headers={'Server': 'nginx/1.18.0 (Ubuntu)', 'Date': 'Tue, 07 May 2024 14:27:21 GMT', 'Content-Type': 'application/json; charset=utf-8', 'Transfer-Encoding': 'chunked', 'Connection': 'keep-alive', 'X-Powered-By': 'Express', 'Access-Control-Allow-Origin': '*', 'Access-Control-Allow-Methods': 'GET, POST, OPTIONS, PUT, PATCH, DELETE', 'Access-Control-Allow-Headers': 'Origin, X-Requested-With, Content-Type, Accept, Authorization', 'ETag': 'W/"534-m98zsn7HoZISkJWQnC34AspQ7kg"', 'Content-Encoding': 'gzip'} 
 body={"msg":"Olá Qa-Coders-SYSADMIN, autenticação autorizada com sucesso!","user":{"_id":"65330c1efb8f3dad13a6808b","fullName":"Qa-Coders-SYSADMIN","mail":"sysadmin@qacoders.com","password":"$2b$10$3kC10vu/EjMoRQUmqQq/H.7crWYIIBcBDT2g4RU0BQ4mrRi4JExOu","accessProfile":"SYSADMIN","cpf":"11111111111","status":true,"audit":[{"registeredBy":{"userId":"111111111111111111","userLogin":"sysadmin@qacoders.com"},"registrationDate":"sexta-feira, 20/10/2023, 20:24:14 BRT","registrationNumber":"01","companyId":"Qa.Coders","_id":"65330c1efb8f3dad13a6808c"}],"__v":0},"token":"eyJhbGciOiJIUzI1NiIsInR5cCI6IkpXVCJ9.eyJfaWQiOiI2NTMzMGMxZWZiOGYzZGFkMTNhNjgwOGIiLCJmdWxsTmFtZSI6IlFhLUNvZGVycy1TWVNBRE1JTiIsIm1haWwiOiJzeXNhZG1pbkBxYWNvZGVycy5jb20iLCJwYXNzd29yZCI6IiQyYiQxMCQza0MxMHZ1L0VqTW9SUVVtcVFxL0guN2NyV1lJSUJjQkRUMmc0UlUwQlE0bXJSaTRKRXhPdSIsImFjY2Vzc1Byb2ZpbGUiOiJTWVNBRE1JTiIsImNwZiI6IjExMTExMTExMTExIiwic3RhdHVzIjp0cnVlLCJhdWRpdCI6W3sicmVnaXN0ZXJlZEJ5Ijp7InVzZXJJZCI6IjExMTExMTExMTExMTExMTExMSIsInVzZXJMb2dpbiI6InN5c2FkbWluQHFhY29kZXJzLmNvbSJ9LCJyZWdpc3RyYXRpb25EYXRlIjoic2V4dGEtZmVpcmEsIDIwLzEwLzIwMjMsIDIwOjI0OjE0IEJSVCIsInJlZ2lzdHJhdGlvbk51bWJlciI6IjAxIiwiY29tcGFueUlkIjoiUWEuQ29kZXJzIiwiX2lkIjoiNjUzMzBjMWVmYjhmM2RhZDEzYTY4MDhjIn1dLCJfX3YiOjAsImlhdCI6MTcxNTA5MjA0MSwiZXhwIjoxNzE1MTc4NDQxfQ.2nOQeQOBygiletrkK69fYKKHkZeSy4Xk7wcSoEZKXgk"} 
 </msg>
<msg time="2024-05-07T11:27:04.774586" level="INFO">/usr/lib/python3.12/site-packages/urllib3/connectionpool.py:1061: InsecureRequestWarning: Unverified HTTPS request is being made to host 'the-originals.qacoders-academy.com.br'. Adding certificate verification is strongly advised. See: https://urllib3.readthedocs.io/en/1.26.x/advanced-usage.html#ssl-warnings
  warnings.warn(</msg>
<msg time="2024-05-07T11:27:04.774817" level="INFO">${response} = &lt;Response [200]&gt;</msg>
<var>${response}</var>
<arg>alias=APITheOriginals</arg>
<arg>url=/api/login</arg>
<arg>json=${body}</arg>
<doc>Sends a POST request on a previously created HTTP Session.</doc>
<status status="PASS" start="2024-05-07T11:27:04.554142" elapsed="0.220730"/>
</kw>
<kw name="Log" owner="BuiltIn">
<msg time="2024-05-07T11:27:04.776651" level="INFO">{'msg': 'Olá Qa-Coders-SYSADMIN, autenticação autorizada com sucesso!', 'user': {'_id': '65330c1efb8f3dad13a6808b', 'fullName': 'Qa-Coders-SYSADMIN', 'mail': 'sysadmin@qacoders.com', 'password': '$2b$10$3kC10vu/EjMoRQUmqQq/H.7crWYIIBcBDT2g4RU0BQ4mrRi4JExOu', 'accessProfile': 'SYSADMIN', 'cpf': '11111111111', 'status': True, 'audit': [{'registeredBy': {'userId': '111111111111111111', 'userLogin': 'sysadmin@qacoders.com'}, 'registrationDate': 'sexta-feira, 20/10/2023, 20:24:14 BRT', 'registrationNumber': '01', 'companyId': 'Qa.Coders', '_id': '65330c1efb8f3dad13a6808c'}], '__v': 0}, 'token': 'eyJhbGciOiJIUzI1NiIsInR5cCI6IkpXVCJ9.eyJfaWQiOiI2NTMzMGMxZWZiOGYzZGFkMTNhNjgwOGIiLCJmdWxsTmFtZSI6IlFhLUNvZGVycy1TWVNBRE1JTiIsIm1haWwiOiJzeXNhZG1pbkBxYWNvZGVycy5jb20iLCJwYXNzd29yZCI6IiQyYiQxMCQza0MxMHZ1L0VqTW9SUVVtcVFxL0guN2NyV1lJSUJjQkRUMmc0UlUwQlE0bXJSaTRKRXhPdSIsImFjY2Vzc1Byb2ZpbGUiOiJTWVNBRE1JTiIsImNwZiI6IjExMTExMTExMTExIiwic3RhdHVzIjp0cnVlLCJhdWRpdCI6W3sicmVnaXN0ZXJlZEJ5Ijp7InVzZXJJZCI6IjExMTExMTExMTExMTExMTExMSIsInVzZXJMb2dpbiI6InN5c2FkbWluQHFhY29kZXJzLmNvbSJ9LCJyZWdpc3RyYXRpb25EYXRlIjoic2V4dGEtZmVpcmEsIDIwLzEwLzIwMjMsIDIwOjI0OjE0IEJSVCIsInJlZ2lzdHJhdGlvbk51bWJlciI6IjAxIiwiY29tcGFueUlkIjoiUWEuQ29kZXJzIiwiX2lkIjoiNjUzMzBjMWVmYjhmM2RhZDEzYTY4MDhjIn1dLCJfX3YiOjAsImlhdCI6MTcxNTA5MjA0MSwiZXhwIjoxNzE1MTc4NDQxfQ.2nOQeQOBygiletrkK69fYKKHkZeSy4Xk7wcSoEZKXgk'}</msg>
<arg>${response.json()}</arg>
<doc>Logs the given message with the given level.</doc>
<status status="PASS" start="2024-05-07T11:27:04.775318" elapsed="0.001463"/>
</kw>
<kw name="Set Test Variable" owner="BuiltIn">
<msg time="2024-05-07T11:27:04.779624" level="INFO">${TOKEN} = eyJhbGciOiJIUzI1NiIsInR5cCI6IkpXVCJ9.eyJfaWQiOiI2NTMzMGMxZWZiOGYzZGFkMTNhNjgwOGIiLCJmdWxsTmFtZSI6IlFhLUNvZGVycy1TWVNBRE1JTiIsIm1haWwiOiJzeXNhZG1pbkBxYWNvZGVycy5jb20iLCJwYXNzd29yZCI6IiQyYiQxMCQza0MxMHZ...</msg>
<arg>${TOKEN}</arg>
<arg>${response.json()["token"]}</arg>
<doc>Makes a variable available everywhere within the scope of the current test.</doc>
<status status="PASS" start="2024-05-07T11:27:04.777078" elapsed="0.002661"/>
</kw>
<status status="PASS" start="2024-05-07T11:27:04.551560" elapsed="0.228342"/>
</kw>
<kw name="Criar um nome randomico departamento/board" owner="API">
<kw name="Generate Random String" owner="String">
<msg time="2024-05-07T11:27:04.781587" level="INFO">${nome_randomic} = wTIuVASMQS</msg>
<var>${nome_randomic}</var>
<arg>10</arg>
<arg>chars=[LETTERS]</arg>
<doc>Generates a string with a desired ``length`` from the given ``chars``.</doc>
<status status="PASS" start="2024-05-07T11:27:04.781072" elapsed="0.000573"/>
</kw>
<kw name="Convert To Lower Case" owner="String">
<msg time="2024-05-07T11:27:04.782207" level="INFO">${nome_randomic} = wtiuvasmqs</msg>
<var>${nome_randomic}</var>
<arg>${nome_randomic}</arg>
<doc>Converts string to lower case.</doc>
<status status="PASS" start="2024-05-07T11:27:04.781894" elapsed="0.000353"/>
</kw>
<kw name="Set Test Variable" owner="BuiltIn">
<msg time="2024-05-07T11:27:04.783913" level="INFO">${nomedepartamento} = wtiuvasmqsdepmen</msg>
<arg>${nomedepartamento}</arg>
<arg>${nome_randomic}depmen</arg>
<doc>Makes a variable available everywhere within the scope of the current test.</doc>
<status status="PASS" start="2024-05-07T11:27:04.782418" elapsed="0.001612"/>
</kw>
<kw name="Log" owner="BuiltIn">
<msg time="2024-05-07T11:27:04.784476" level="INFO">wtiuvasmqsdepmen</msg>
<arg>${nomedepartamento}</arg>
<doc>Logs the given message with the given level.</doc>
<status status="PASS" start="2024-05-07T11:27:04.784270" elapsed="0.000269"/>
</kw>
<kw name="Generate Random String" owner="String">
<msg time="2024-05-07T11:27:04.785006" level="INFO">${nome_randomic} = BbRmvDPAt</msg>
<var>${nome_randomic}</var>
<arg>9</arg>
<arg>chars=[LETTERS]</arg>
<doc>Generates a string with a desired ``length`` from the given ``chars``.</doc>
<status status="PASS" start="2024-05-07T11:27:04.784711" elapsed="0.000331"/>
</kw>
<kw name="Convert To Lower Case" owner="String">
<msg time="2024-05-07T11:27:04.785307" level="INFO">${nome_randomic} = bbrmvdpat</msg>
<var>${nome_randomic}</var>
<arg>${nome_randomic}</arg>
<doc>Converts string to lower case.</doc>
<status status="PASS" start="2024-05-07T11:27:04.785170" elapsed="0.000161"/>
</kw>
<kw name="Set Test Variable" owner="BuiltIn">
<msg time="2024-05-07T11:27:04.786445" level="INFO">${nomedepart&amp;} = bbrmvdpatdepar&amp;</msg>
<arg>${nomedepart&amp;}</arg>
<arg>${nome_randomic}depar&amp;</arg>
<doc>Makes a variable available everywhere within the scope of the current test.</doc>
<status status="PASS" start="2024-05-07T11:27:04.785444" elapsed="0.001075"/>
</kw>
<kw name="Log" owner="BuiltIn">
<msg time="2024-05-07T11:27:04.786816" level="INFO">bbrmvdpatdepar&amp;</msg>
<arg>${nomedepart&amp;}</arg>
<doc>Logs the given message with the given level.</doc>
<status status="PASS" start="2024-05-07T11:27:04.786673" elapsed="0.000187"/>
</kw>
<kw name="Generate Random String" owner="String">
<msg time="2024-05-07T11:27:04.787201" level="INFO">${nome_randomic} = qjqbPlOv</msg>
<var>${nome_randomic}</var>
<arg>8</arg>
<arg>chars=[LETTERS]</arg>
<doc>Generates a string with a desired ``length`` from the given ``chars``.</doc>
<status status="PASS" start="2024-05-07T11:27:04.786975" elapsed="0.000253"/>
</kw>
<kw name="Convert To Upper Case" owner="String">
<msg time="2024-05-07T11:27:04.787483" level="INFO">${nome_randomic} = QJQBPLOV</msg>
<var>${nome_randomic}</var>
<arg>${nome_randomic}</arg>
<doc>Converts string to upper case.</doc>
<status status="PASS" start="2024-05-07T11:27:04.787343" elapsed="0.000167"/>
</kw>
<kw name="Set Test Variable" owner="BuiltIn">
<msg time="2024-05-07T11:27:04.788527" level="INFO">${NOMEDEPAT} = QJQBPLOVDEP</msg>
<arg>${NOMEDEPAT}</arg>
<arg>${nome_randomic}DEP</arg>
<doc>Makes a variable available everywhere within the scope of the current test.</doc>
<status status="PASS" start="2024-05-07T11:27:04.787622" elapsed="0.000950"/>
</kw>
<kw name="Log" owner="BuiltIn">
<msg time="2024-05-07T11:27:04.788883" level="INFO">QJQBPLOVDEP</msg>
<arg>${NOMEDEPAT}</arg>
<doc>Logs the given message with the given level.</doc>
<status status="PASS" start="2024-05-07T11:27:04.788724" elapsed="0.000200"/>
</kw>
<kw name="Generate Random String" owner="String">
<msg time="2024-05-07T11:27:04.789264" level="INFO">${nome_randomic} = gFVWNaRpt</msg>
<var>${nome_randomic}</var>
<arg>9</arg>
<arg>chars=[LETTERS]</arg>
<doc>Generates a string with a desired ``length`` from the given ``chars``.</doc>
<status status="PASS" start="2024-05-07T11:27:04.789041" elapsed="0.000248"/>
</kw>
<kw name="Convert To Lower Case" owner="String">
<msg time="2024-05-07T11:27:04.789530" level="INFO">${nome_randomic} = gfvwnarpt</msg>
<var>${nome_randomic}</var>
<arg>${nome_randomic}</arg>
<doc>Converts string to lower case.</doc>
<status status="PASS" start="2024-05-07T11:27:04.789401" elapsed="0.000150"/>
</kw>
<kw name="Set Test Variable" owner="BuiltIn">
<msg time="2024-05-07T11:27:04.790414" level="INFO">${nomedepartminus} = gfvwnarptdepar&amp;</msg>
<arg>${nomedepartminus}</arg>
<arg>${nome_randomic}depar&amp;</arg>
<doc>Makes a variable available everywhere within the scope of the current test.</doc>
<status status="PASS" start="2024-05-07T11:27:04.789654" elapsed="0.000802"/>
</kw>
<kw name="Log" owner="BuiltIn">
<msg time="2024-05-07T11:27:04.790676" level="INFO">gfvwnarptdepar&amp;</msg>
<arg>${nomedepartminus}</arg>
<doc>Logs the given message with the given level.</doc>
<status status="PASS" start="2024-05-07T11:27:04.790563" elapsed="0.000150"/>
</kw>
<kw name="Generate Random String" owner="String">
<msg time="2024-05-07T11:27:04.791016" level="INFO">${nome_randomic} = MwsdrplgMnjMPRXwrpmkrkXoGZJgKELJQDiARqSSIbJpEoftYE</msg>
<var>${nome_randomic}</var>
<arg>50</arg>
<arg>chars=[LETTERS]</arg>
<doc>Generates a string with a desired ``length`` from the given ``chars``.</doc>
<status status="PASS" start="2024-05-07T11:27:04.790813" elapsed="0.000226"/>
</kw>
<kw name="Convert To Lower Case" owner="String">
<msg time="2024-05-07T11:27:04.791352" level="INFO">${nome_randomic} = mwsdrplgmnjmprxwrpmkrkxogzjgkeljqdiarqssibjpeoftye</msg>
<var>${nome_randomic}</var>
<arg>${nome_randomic}</arg>
<doc>Converts string to lower case.</doc>
<status status="PASS" start="2024-05-07T11:27:04.791238" elapsed="0.000132"/>
</kw>
<kw name="Set Test Variable" owner="BuiltIn">
<msg time="2024-05-07T11:27:04.791988" level="INFO">${nomecom50} = mwsdrplgmnjmprxwrpmkrkxogzjgkeljqdiarqssibjpeoftye</msg>
<arg>${nomecom50}</arg>
<arg>${nome_randomic}</arg>
<doc>Makes a variable available everywhere within the scope of the current test.</doc>
<status status="PASS" start="2024-05-07T11:27:04.791450" elapsed="0.000575"/>
</kw>
<kw name="Log" owner="BuiltIn">
<msg time="2024-05-07T11:27:04.792237" level="INFO">mwsdrplgmnjmprxwrpmkrkxogzjgkeljqdiarqssibjpeoftye</msg>
<arg>${nomecom50}</arg>
<doc>Logs the given message with the given level.</doc>
<status status="PASS" start="2024-05-07T11:27:04.792126" elapsed="0.000148"/>
</kw>
<kw name="Generate Random String" owner="String">
<msg time="2024-05-07T11:27:04.792593" level="INFO">${nome_randomic} = OkfIUIV</msg>
<var>${nome_randomic}</var>
<arg>7</arg>
<arg>chars=[LETTERS]</arg>
<doc>Generates a string with a desired ``length`` from the given ``chars``.</doc>
<status status="PASS" start="2024-05-07T11:27:04.792384" elapsed="0.000240"/>
</kw>
<kw name="Convert To Lower Case" owner="String">
<msg time="2024-05-07T11:27:04.792920" level="INFO">${nome_randomic} = okfiuiv</msg>
<var>${nome_randomic}</var>
<arg>${nome_randomic}</arg>
<doc>Converts string to lower case.</doc>
<status status="PASS" start="2024-05-07T11:27:04.792751" elapsed="0.000198"/>
</kw>
<kw name="Set Test Variable" owner="BuiltIn">
<msg time="2024-05-07T11:27:04.794097" level="INFO">${nameboard} = okfiuiv</msg>
<arg>${nameboard}</arg>
<arg>${nome_randomic}</arg>
<doc>Makes a variable available everywhere within the scope of the current test.</doc>
<status status="PASS" start="2024-05-07T11:27:04.793098" elapsed="0.001200"/>
</kw>
<kw name="Log" owner="BuiltIn">
<msg time="2024-05-07T11:27:04.795092" level="INFO">okfiuiv</msg>
<arg>${nameboard}</arg>
<doc>Logs the given message with the given level.</doc>
<status status="PASS" start="2024-05-07T11:27:04.794651" elapsed="0.000582"/>
</kw>
<status status="PASS" start="2024-05-07T11:27:04.780440" elapsed="0.015005"/>
</kw>
<kw name="departamento com letras minúscula" owner="API">
<kw name="Create Dictionary" owner="BuiltIn">
<msg time="2024-05-07T11:27:04.796449" level="INFO">${headers} = {'Authorization': 'eyJhbGciOiJIUzI1NiIsInR5cCI6IkpXVCJ9.eyJfaWQiOiI2NTMzMGMxZWZiOGYzZGFkMTNhNjgwOGIiLCJmdWxsTmFtZSI6IlFhLUNvZGVycy1TWVNBRE1JTiIsIm1haWwiOiJzeXNhZG1pbkBxYWNvZGVycy5jb20iLCJwYXNzd29yZCI6...</msg>
<var>${headers}</var>
<arg>Authorization=${token}</arg>
<doc>Creates and returns a dictionary based on the given ``items``.</doc>
<status status="PASS" start="2024-05-07T11:27:04.796251" elapsed="0.000222"/>
</kw>
<kw name="Create Dictionary" owner="BuiltIn">
<msg time="2024-05-07T11:27:04.796746" level="INFO">${body} = {'departmentName': 'gfvwnarptdepar&amp;', 'costCenterId': '65855af6a2d3ae70485da0b7'}</msg>
<var>${body}</var>
<arg>departmentName=${nomedepartminus}</arg>
<arg>costCenterId=65855af6a2d3ae70485da0b7</arg>
<doc>Creates and returns a dictionary based on the given ``items``.</doc>
<status status="PASS" start="2024-05-07T11:27:04.796571" elapsed="0.000193"/>
</kw>
<kw name="Log" owner="BuiltIn">
<msg time="2024-05-07T11:27:04.796927" level="INFO">{'departmentName': 'gfvwnarptdepar&amp;', 'costCenterId': '65855af6a2d3ae70485da0b7'}</msg>
<arg>${body}</arg>
<doc>Logs the given message with the given level.</doc>
<status status="PASS" start="2024-05-07T11:27:04.796842" elapsed="0.000115"/>
</kw>
<kw name="Create API Session" owner="API">
<kw name="Create Dictionary" owner="BuiltIn">
<msg time="2024-05-07T11:27:04.797346" level="INFO">${headers} = {'accept': 'application/json', 'Content-Type': 'application/json'}</msg>
<var>${headers}</var>
<arg>accept=application/json</arg>
<arg>Content-Type=application/json</arg>
<doc>Creates and returns a dictionary based on the given ``items``.</doc>
<status status="PASS" start="2024-05-07T11:27:04.797239" elapsed="0.000124"/>
</kw>
<kw name="Create Session" owner="RequestsLibrary">
<msg time="2024-05-07T11:27:04.797564" level="INFO">Creating Session using : alias=APITheOriginals, url=https://the-originals.qacoders-academy.com.br, headers={'accept': 'application/json', 'Content-Type': 'application/json'},                     cookies={}, auth=None, timeout=None, proxies=None, verify=False,                     debug=0 </msg>
<arg>alias=APITheOriginals</arg>
<arg>url=https://the-originals.qacoders-academy.com.br</arg>
<arg>headers=${headers}</arg>
<doc>Create Session: create a HTTP session to a server</doc>
<status status="PASS" start="2024-05-07T11:27:04.797435" elapsed="0.000360"/>
</kw>
<status status="PASS" start="2024-05-07T11:27:04.797053" elapsed="0.000790"/>
</kw>
<kw name="POST On Session" owner="RequestsLibrary">
<msg time="2024-05-07T11:27:04.912628" level="INFO">POST Request : url=https://the-originals.qacoders-academy.com.br/api/department/ 
 path_url=/api/department/ 
 headers={'User-Agent': 'python-requests/2.31.0', 'Accept-Encoding': 'gzip, deflate, br', 'accept': 'application/json', 'Connection': 'keep-alive', 'Content-Type': 'application/json', 'Authorization': 'eyJhbGciOiJIUzI1NiIsInR5cCI6IkpXVCJ9.eyJfaWQiOiI2NTMzMGMxZWZiOGYzZGFkMTNhNjgwOGIiLCJmdWxsTmFtZSI6IlFhLUNvZGVycy1TWVNBRE1JTiIsIm1haWwiOiJzeXNhZG1pbkBxYWNvZGVycy5jb20iLCJwYXNzd29yZCI6IiQyYiQxMCQza0MxMHZ1L0VqTW9SUVVtcVFxL0guN2NyV1lJSUJjQkRUMmc0UlUwQlE0bXJSaTRKRXhPdSIsImFjY2Vzc1Byb2ZpbGUiOiJTWVNBRE1JTiIsImNwZiI6IjExMTExMTExMTExIiwic3RhdHVzIjp0cnVlLCJhdWRpdCI6W3sicmVnaXN0ZXJlZEJ5Ijp7InVzZXJJZCI6IjExMTExMTExMTExMTExMTExMSIsInVzZXJMb2dpbiI6InN5c2FkbWluQHFhY29kZXJzLmNvbSJ9LCJyZWdpc3RyYXRpb25EYXRlIjoic2V4dGEtZmVpcmEsIDIwLzEwLzIwMjMsIDIwOjI0OjE0IEJSVCIsInJlZ2lzdHJhdGlvbk51bWJlciI6IjAxIiwiY29tcGFueUlkIjoiUWEuQ29kZXJzIiwiX2lkIjoiNjUzMzBjMWVmYjhmM2RhZDEzYTY4MDhjIn1dLCJfX3YiOjAsImlhdCI6MTcxNTA5MjA0MSwiZXhwIjoxNzE1MTc4NDQxfQ.2nOQeQOBygiletrkK69fYKKHkZeSy4Xk7wcSoEZKXgk', 'Content-Length': '81'} 
 body=b'{"departmentName": "gfvwnarptdepar&amp;", "costCenterId": "65855af6a2d3ae70485da0b7"}' 
 </msg>
<msg time="2024-05-07T11:27:04.912830" level="INFO">POST Response : url=https://the-originals.qacoders-academy.com.br/api/department/ 
 status=201, reason=Created 
 headers={'Server': 'nginx/1.18.0 (Ubuntu)', 'Date': 'Tue, 07 May 2024 14:27:22 GMT', 'Content-Type': 'application/json; charset=utf-8', 'Content-Length': '383', 'Connection': 'keep-alive', 'X-Powered-By': 'Express', 'Access-Control-Allow-Origin': '*', 'Access-Control-Allow-Methods': 'GET, POST, OPTIONS, PUT, PATCH, DELETE', 'Access-Control-Allow-Headers': 'Origin, X-Requested-With, Content-Type, Accept, Authorization', 'ETag': 'W/"17f-cK86KOGvqtjGi83PuWb4goSenKk"'} 
 body={"msg":"Cadastro realizado com sucesso.","newDepartment":{"departmentName":"gfvwnarptdepar&amp;","costCenter":"65855af6a2d3ae70485da0b7","status":true,"audit":[{"registrationDate":"terça-feira, 07/05/2024, 11:27:22 BRT","registeredBy":{"userId":"65330c1efb8f3dad13a6808b","userLogin":"sysadmin@qacoders.com"},"_id":"663a3a4a4ebd54fc6f2fd3fe"}],"_id":"663a3a4a4ebd54fc6f2fd3fd","__v":0}} 
 </msg>
<msg time="2024-05-07T11:27:04.912983" level="INFO">/usr/lib/python3.12/site-packages/urllib3/connectionpool.py:1061: InsecureRequestWarning: Unverified HTTPS request is being made to host 'the-originals.qacoders-academy.com.br'. Adding certificate verification is strongly advised. See: https://urllib3.readthedocs.io/en/1.26.x/advanced-usage.html#ssl-warnings
  warnings.warn(</msg>
<msg time="2024-05-07T11:27:04.913219" level="INFO">${response} = &lt;Response [201]&gt;</msg>
<var>${response}</var>
<arg>alias=APITheOriginals</arg>
<arg>url=/api/department/</arg>
<arg>json=${body}</arg>
<arg>headers=${headers}</arg>
<arg>expected_status=201</arg>
<doc>Sends a POST request on a previously created HTTP Session.</doc>
<status status="PASS" start="2024-05-07T11:27:04.797911" elapsed="0.115363"/>
</kw>
<kw name="Log" owner="BuiltIn">
<msg time="2024-05-07T11:27:04.915102" level="INFO">{'msg': 'Cadastro realizado com sucesso.', 'newDepartment': {'departmentName': 'gfvwnarptdepar&amp;', 'costCenter': '65855af6a2d3ae70485da0b7', 'status': True, 'audit': [{'registrationDate': 'terça-feira, 07/05/2024, 11:27:22 BRT', 'registeredBy': {'userId': '65330c1efb8f3dad13a6808b', 'userLogin': 'sysadmin@qacoders.com'}, '_id': '663a3a4a4ebd54fc6f2fd3fe'}], '_id': '663a3a4a4ebd54fc6f2fd3fd', '__v': 0}}</msg>
<arg>${response.json()}</arg>
<doc>Logs the given message with the given level.</doc>
<status status="PASS" start="2024-05-07T11:27:04.913746" elapsed="0.001472"/>
</kw>
<kw name="Set Test Variable" owner="BuiltIn">
<msg time="2024-05-07T11:27:04.918215" level="INFO">${ID_USUARIO} = 663a3a4a4ebd54fc6f2fd3fd</msg>
<arg>${ID_USUARIO}</arg>
<arg>${response.json()['newDepartment']['_id']}</arg>
<doc>Makes a variable available everywhere within the scope of the current test.</doc>
<status status="PASS" start="2024-05-07T11:27:04.915546" elapsed="0.002782"/>
</kw>
<kw name="Set Test Variable" owner="BuiltIn">
<msg time="2024-05-07T11:27:04.920024" level="INFO">${ID_USUARIO} = {'msg': 'Cadastro realizado com sucesso.', 'newDepartment': {'departmentName': 'gfvwnarptdepar&amp;', 'costCenter': '65855af6a2d3ae70485da0b7', 'status': True, 'audit': [{'registrationDate': 'terça-feira,...</msg>
<arg>${ID_USUARIO}</arg>
<arg>${response.json()}</arg>
<doc>Makes a variable available everywhere within the scope of the current test.</doc>
<status status="PASS" start="2024-05-07T11:27:04.918625" elapsed="0.001509"/>
</kw>
<status status="PASS" start="2024-05-07T11:27:04.795962" elapsed="0.124337"/>
</kw>
<status status="PASS" start="2024-05-07T11:27:04.549181" elapsed="0.371427"/>
</test>
<test id="s1-t4" name="CT04 - departamento com letras e caractere &amp;" line="26">
<kw name="Create API Session" owner="API">
<kw name="Create Dictionary" owner="BuiltIn">
<msg time="2024-05-07T11:27:04.923358" level="INFO">${headers} = {'accept': 'application/json', 'Content-Type': 'application/json'}</msg>
<var>${headers}</var>
<arg>accept=application/json</arg>
<arg>Content-Type=application/json</arg>
<doc>Creates and returns a dictionary based on the given ``items``.</doc>
<status status="PASS" start="2024-05-07T11:27:04.922736" elapsed="0.000694"/>
</kw>
<kw name="Create Session" owner="RequestsLibrary">
<msg time="2024-05-07T11:27:04.924136" level="INFO">Creating Session using : alias=APITheOriginals, url=https://the-originals.qacoders-academy.com.br, headers={'accept': 'application/json', 'Content-Type': 'application/json'},                     cookies={}, auth=None, timeout=None, proxies=None, verify=False,                     debug=0 </msg>
<arg>alias=APITheOriginals</arg>
<arg>url=https://the-originals.qacoders-academy.com.br</arg>
<arg>headers=${headers}</arg>
<doc>Create Session: create a HTTP session to a server</doc>
<status status="PASS" start="2024-05-07T11:27:04.923715" elapsed="0.000778"/>
</kw>
<status status="PASS" start="2024-05-07T11:27:04.921901" elapsed="0.002768"/>
</kw>
<kw name="Login de acesso" owner="API">
<kw name="Create Dictionary" owner="BuiltIn">
<msg time="2024-05-07T11:27:04.925979" level="INFO">${body} = {'mail': 'sysadmin@qacoders.com', 'password': '1234@Test'}</msg>
<var>${body}</var>
<arg>mail=${mail}</arg>
<arg>password=${password}</arg>
<doc>Creates and returns a dictionary based on the given ``items``.</doc>
<status status="PASS" start="2024-05-07T11:27:04.925556" elapsed="0.000468"/>
</kw>
<kw name="Log" owner="BuiltIn">
<msg time="2024-05-07T11:27:04.926477" level="INFO">{'mail': 'sysadmin@qacoders.com', 'password': '1234@Test'}</msg>
<arg>${body}</arg>
<doc>Logs the given message with the given level.</doc>
<status status="PASS" start="2024-05-07T11:27:04.926221" elapsed="0.000333"/>
</kw>
<kw name="Create API Session" owner="API">
<kw name="Create Dictionary" owner="BuiltIn">
<msg time="2024-05-07T11:27:04.927515" level="INFO">${headers} = {'accept': 'application/json', 'Content-Type': 'application/json'}</msg>
<var>${headers}</var>
<arg>accept=application/json</arg>
<arg>Content-Type=application/json</arg>
<doc>Creates and returns a dictionary based on the given ``items``.</doc>
<status status="PASS" start="2024-05-07T11:27:04.927166" elapsed="0.000392"/>
</kw>
<kw name="Create Session" owner="RequestsLibrary">
<msg time="2024-05-07T11:27:04.928027" level="INFO">Creating Session using : alias=APITheOriginals, url=https://the-originals.qacoders-academy.com.br, headers={'accept': 'application/json', 'Content-Type': 'application/json'},                     cookies={}, auth=None, timeout=None, proxies=None, verify=False,                     debug=0 </msg>
<arg>alias=APITheOriginals</arg>
<arg>url=https://the-originals.qacoders-academy.com.br</arg>
<arg>headers=${headers}</arg>
<doc>Create Session: create a HTTP session to a server</doc>
<status status="PASS" start="2024-05-07T11:27:04.927745" elapsed="0.000475"/>
</kw>
<status status="PASS" start="2024-05-07T11:27:04.926798" elapsed="0.001518"/>
</kw>
<kw name="POST On Session" owner="RequestsLibrary">
<msg time="2024-05-07T11:27:05.189602" level="INFO">POST Request : url=https://the-originals.qacoders-academy.com.br/api/login 
 path_url=/api/login 
 headers={'User-Agent': 'python-requests/2.31.0', 'Accept-Encoding': 'gzip, deflate, br', 'accept': 'application/json', 'Connection': 'keep-alive', 'Content-Type': 'application/json', 'Content-Length': '58'} 
 body=b'{"mail": "sysadmin@qacoders.com", "password": "1234@Test"}' 
 </msg>
<msg time="2024-05-07T11:27:05.189792" level="INFO">POST Response : url=https://the-originals.qacoders-academy.com.br/api/login 
 status=200, reason=OK 
 headers={'Server': 'nginx/1.18.0 (Ubuntu)', 'Date': 'Tue, 07 May 2024 14:27:22 GMT', 'Content-Type': 'application/json; charset=utf-8', 'Transfer-Encoding': 'chunked', 'Connection': 'keep-alive', 'X-Powered-By': 'Express', 'Access-Control-Allow-Origin': '*', 'Access-Control-Allow-Methods': 'GET, POST, OPTIONS, PUT, PATCH, DELETE', 'Access-Control-Allow-Headers': 'Origin, X-Requested-With, Content-Type, Accept, Authorization', 'ETag': 'W/"534-UaM/fw8D7EMRMyJzgmYyanzqhT0"', 'Content-Encoding': 'gzip'} 
 body={"msg":"Olá Qa-Coders-SYSADMIN, autenticação autorizada com sucesso!","user":{"_id":"65330c1efb8f3dad13a6808b","fullName":"Qa-Coders-SYSADMIN","mail":"sysadmin@qacoders.com","password":"$2b$10$3kC10vu/EjMoRQUmqQq/H.7crWYIIBcBDT2g4RU0BQ4mrRi4JExOu","accessProfile":"SYSADMIN","cpf":"11111111111","status":true,"audit":[{"registeredBy":{"userId":"111111111111111111","userLogin":"sysadmin@qacoders.com"},"registrationDate":"sexta-feira, 20/10/2023, 20:24:14 BRT","registrationNumber":"01","companyId":"Qa.Coders","_id":"65330c1efb8f3dad13a6808c"}],"__v":0},"token":"eyJhbGciOiJIUzI1NiIsInR5cCI6IkpXVCJ9.eyJfaWQiOiI2NTMzMGMxZWZiOGYzZGFkMTNhNjgwOGIiLCJmdWxsTmFtZSI6IlFhLUNvZGVycy1TWVNBRE1JTiIsIm1haWwiOiJzeXNhZG1pbkBxYWNvZGVycy5jb20iLCJwYXNzd29yZCI6IiQyYiQxMCQza0MxMHZ1L0VqTW9SUVVtcVFxL0guN2NyV1lJSUJjQkRUMmc0UlUwQlE0bXJSaTRKRXhPdSIsImFjY2Vzc1Byb2ZpbGUiOiJTWVNBRE1JTiIsImNwZiI6IjExMTExMTExMTExIiwic3RhdHVzIjp0cnVlLCJhdWRpdCI6W3sicmVnaXN0ZXJlZEJ5Ijp7InVzZXJJZCI6IjExMTExMTExMTExMTExMTExMSIsInVzZXJMb2dpbiI6InN5c2FkbWluQHFhY29kZXJzLmNvbSJ9LCJyZWdpc3RyYXRpb25EYXRlIjoic2V4dGEtZmVpcmEsIDIwLzEwLzIwMjMsIDIwOjI0OjE0IEJSVCIsInJlZ2lzdHJhdGlvbk51bWJlciI6IjAxIiwiY29tcGFueUlkIjoiUWEuQ29kZXJzIiwiX2lkIjoiNjUzMzBjMWVmYjhmM2RhZDEzYTY4MDhjIn1dLCJfX3YiOjAsImlhdCI6MTcxNTA5MjA0MiwiZXhwIjoxNzE1MTc4NDQyfQ.XBuR-ibAYeBensa10M-T_RLIXK27mDs2OtZhV5dyv_M"} 
 </msg>
[...]
'userLogin': 'sysadmin@qacoders.com'}, 'registrationDate': 'terça-feira, 07/05/2024, 09:56:37 BRT', '_id': '663a25054ebd54fc6f2fc4df'}], '__v': 0}, {'_id': '663a25054ebd54fc6f2fc4e8', 'departmentName': 'KKEQJPCIDEP', 'costCenter': {'_id': '65855af6a2d3ae70485da0b7', 'costCenterName': 'Quantitativos', 'costCenterCode': '27.01', 'board': '65855acfa2d3ae70485da0ae', 'status': True, 'audit': [{'registeredBy': {'userId': '65330c1efb8f3dad13a6808b', 'userLogin': 'sysadmin@qacoders.com'}, 'registrationDate': 'sexta-feira, 22/12/2023, 06:46:30 BRT', '_id': '65855af6a2d3ae70485da0b8'}], '__v': 0}, 'status': True, 'audit': [{'registeredBy': {'userId': '65330c1efb8f3dad13a6808b', 'userLogin': 'sysadmin@qacoders.com'}, 'registrationDate': 'terça-feira, 07/05/2024, 09:56:37 BRT', '_id': '663a25054ebd54fc6f2fc4e9'}], '__v': 0}, {'_id': '663a25064ebd54fc6f2fc4f2', 'departmentName': 'bcnsozhksdepar&amp;', 'costCenter': {'_id': '65855af6a2d3ae70485da0b7', 'costCenterName': 'Quantitativos', 'costCenterCode': '27.01', 'board': '65855acfa2d3ae70485da0ae', 'status': True, 'audit': [{'registeredBy': {'userId': '65330c1efb8f3dad13a6808b', 'userLogin': 'sysadmin@qacoders.com'}, 'registrationDate': 'sexta-feira, 22/12/2023, 06:46:30 BRT', '_id': '65855af6a2d3ae70485da0b8'}], '__v': 0}, 'status': True, 'audit': [{'registeredBy': {'userId': '65330c1efb8f3dad13a6808b', 'userLogin': 'sysadmin@qacoders.com'}, 'registrationDate': 'terça-feira, 07/05/2024, 09:56:38 BRT', '_id': '663a25064ebd54fc6f2fc4f3'}], '__v': 0}, {'_id': '663a25064ebd54fc6f2fc4fc', 'departmentName': 'koveojfcodepar&amp;', 'costCenter': {'_id': '65855af6a2d3ae70485da0b7', 'costCenterName': 'Quantitativos', 'costCenterCode': '27.01', 'board': '65855acfa2d3ae70485da0ae', 'status': True, 'audit': [{'registeredBy': {'userId': '65330c1efb8f3dad13a6808b', 'userLogin': 'sysadmin@qacoders.com'}, 'registrationDate': 'sexta-feira, 22/12/2023, 06:46:30 BRT', '_id': '65855af6a2d3ae70485da0b8'}], '__v': 0}, 'status': True, 'audit': [{'registeredBy': {'userId': '65330c1efb8f3dad13a6808b', 'userLogin': 'sysadmin@qacoders.com'}, 'registrationDate': 'terça-feira, 07/05/2024, 09:56:38 BRT', '_id': '663a25064ebd54fc6f2fc4fd'}], '__v': 0}, {'_id': '663a25084ebd54fc6f2fc510', 'departmentName': 'bcdnwalnqzxvdyrfslwcridqyglzjfglnzjaydkmyxukcfjyrd', 'costCenter': {'_id': '65855af6a2d3ae70485da0b7', 'costCenterName': 'Quantitativos', 'costCenterCode': '27.01', 'board': '65855acfa2d3ae70485da0ae', 'status': True, 'audit': [{'registeredBy': {'userId': '65330c1efb8f3dad13a6808b', 'userLogin': 'sysadmin@qacoders.com'}, 'registrationDate': 'sexta-feira, 22/12/2023, 06:46:30 BRT', '_id': '65855af6a2d3ae70485da0b8'}], '__v': 0}, 'status': True, 'audit': [{'registeredBy': {'userId': '65330c1efb8f3dad13a6808b', 'userLogin': 'sysadmin@qacoders.com'}, 'registrationDate': 'terça-feira, 07/05/2024, 09:56:40 BRT', '_id': '663a25084ebd54fc6f2fc511'}], '__v': 0}, {'_id': '663a257b4ebd54fc6f2fc88d', 'departmentName': 'urijyzaipadepartamento', 'costCenter': {'_id': '65855af6a2d3ae70485da0b7', 'costCenterName': 'Quantitativos', 'costCenterCode': '27.01', 'board': '65855acfa2d3ae70485da0ae', 'status': True, 'audit': [{'registeredBy': {'userId': '65330c1efb8f3dad13a6808b', 'userLogin': 'sysadmin@qacoders.com'}, 'registrationDate': 'sexta-feira, 22/12/2023, 06:46:30 BRT', '_id': '65855af6a2d3ae70485da0b8'}], '__v': 0}, 'status': True, 'audit': [{'registeredBy': {'userId': '65330c1efb8f3dad13a6808b', 'userLogin': 'sysadmin@qacoders.com'}, 'registrationDate': 'terça-feira, 07/05/2024, 09:58:35 BRT', '_id': '663a257b4ebd54fc6f2fc88e'}], '__v': 0}, {'_id': '663a257c4ebd54fc6f2fc897', 'departmentName': 'BAHFMKBQDEP', 'costCenter': {'_id': '65855af6a2d3ae70485da0b7', 'costCenterName': 'Quantitativos', 'costCenterCode': '27.01', 'board': '65855acfa2d3ae70485da0ae', 'status': True, 'audit': [{'registeredBy': {'userId': '65330c1efb8f3dad13a6808b', 'userLogin': 'sysadmin@qacoders.com'}, 'registrationDate': 'sexta-feira, 22/12/2023, 06:46:30 BRT', '_id': '65855af6a2d3ae70485da0b8'}], '__v': 0}, 'status': True, 'audit': [{'registeredBy': {'userId': '65330c1efb8f3dad13a6808b', 'userLogin': 'sysadmin@qacoders.com'}, 'registrationDate': 'terça-feira, 07/05/2024, 09:58:36 BRT', '_id': '663a257c4ebd54fc6f2fc898'}], '__v': 0}, {'_id': '663a257c4ebd54fc6f2fc8a1', 'departmentName': 'nclsykezydepar&amp;', 'costCenter': {'_id': '65855af6a2d3ae70485da0b7', 'costCenterName': 'Quantitativos', 'costCenterCode': '27.01', 'board': '65855acfa2d3ae70485da0ae', 'status': True, 'audit': [{'registeredBy': {'userId': '65330c1efb8f3dad13a6808b', 'userLogin': 'sysadmin@qacoders.com'}, 'registrationDate': 'sexta-feira, 22/12/2023, 06:46:30 BRT', '_id': '65855af6a2d3ae70485da0b8'}], '__v': 0}, 'status': True, 'audit': [{'registeredBy': {'userId': '65330c1efb8f3dad13a6808b', 'userLogin': 'sysadmin@qacoders.com'}, 'registrationDate': 'terça-feira, 07/05/2024, 09:58:36 BRT', '_id': '663a257c4ebd54fc6f2fc8a2'}], '__v': 0}, {'_id': '663a257d4ebd54fc6f2fc8ab', 'departmentName': 'ynzebhxdwdepar&amp;', 'costCenter': {'_id': '65855af6a2d3ae70485da0b7', 'costCenterName': 'Quantitativos', 'costCenterCode': '27.01', 'board': '65855acfa2d3ae70485da0ae', 'status': True, 'audit': [{'registeredBy': {'userId': '65330c1efb8f3dad13a6808b', 'userLogin': 'sysadmin@qacoders.com'}, 'registrationDate': 'sexta-feira, 22/12/2023, 06:46:30 BRT', '_id': '65855af6a2d3ae70485da0b8'}], '__v': 0}, 'status': True, 'audit': [{'registeredBy': {'userId': '65330c1efb8f3dad13a6808b', 'userLogin': 'sysadmin@qacoders.com'}, 'registrationDate': 'terça-feira, 07/05/2024, 09:58:37 BRT', '_id': '663a257d4ebd54fc6f2fc8ac'}], '__v': 0}, {'_id': '663a257e4ebd54fc6f2fc8bb', 'departmentName': 'aucmzvqghcdepartamento', 'costCenter': {'_id': '65855af6a2d3ae70485da0b7', 'costCenterName': 'Quantitativos', 'costCenterCode': '27.01', 'board': '65855acfa2d3ae70485da0ae', 'status': True, 'audit': [{'registeredBy': {'userId': '65330c1efb8f3dad13a6808b', 'userLogin': 'sysadmin@qacoders.com'}, 'registrationDate': 'sexta-feira, 22/12/2023, 06:46:30 BRT', '_id': '65855af6a2d3ae70485da0b8'}], '__v': 0}, 'status': True, 'audit': [{'registeredBy': {'userId': '65330c1efb8f3dad13a6808b', 'userLogin': 'sysadmin@qacoders.com'}, 'registrationDate': 'terça-feira, 07/05/2024, 09:58:38 BRT', '_id': '663a257e4ebd54fc6f2fc8bc'}], '__v': 0}, {'_id': '663a257f4ebd54fc6f2fc8c7', 'departmentName': 'mzqvgrxppgorukqopsgjcojzuucywaxylgvdhuvflxqfgynsau', 'costCenter': {'_id': '65855af6a2d3ae70485da0b7', 'costCenterName': 'Quantitativos', 'costCenterCode': '27.01', 'board': '65855acfa2d3ae70485da0ae', 'status': True, 'audit': [{'registeredBy': {'userId': '65330c1efb8f3dad13a6808b', 'userLogin': 'sysadmin@qacoders.com'}, 'registrationDate': 'sexta-feira, 22/12/2023, 06:46:30 BRT', '_id': '65855af6a2d3ae70485da0b8'}], '__v': 0}, 'status': True, 'audit': [{'registeredBy': {'userId': '65330c1efb8f3dad13a6808b', 'userLogin': 'sysadmin@qacoders.com'}, 'registrationDate': 'terça-feira, 07/05/2024, 09:58:39 BRT', '_id': '663a257f4ebd54fc6f2fc8c8'}], '__v': 0}, {'_id': '663a27f24ebd54fc6f2fcc4f', 'departmentName': 'bawltiorsgdepartamento', 'costCenter': {'_id': '65855af6a2d3ae70485da0b7', 'costCenterName': 'Quantitativos', 'costCenterCode': '27.01', 'board': '65855acfa2d3ae70485da0ae', 'status': True, 'audit': [{'registeredBy': {'userId': '65330c1efb8f3dad13a6808b', 'userLogin': 'sysadmin@qacoders.com'}, 'registrationDate': 'sexta-feira, 22/12/2023, 06:46:30 BRT', '_id': '65855af6a2d3ae70485da0b8'}], '__v': 0}, 'status': True, 'audit': [{'registeredBy': {'userId': '65330c1efb8f3dad13a6808b', 'userLogin': 'sysadmin@qacoders.com'}, 'registrationDate': 'terça-feira, 07/05/2024, 10:09:06 BRT', '_id': '663a27f24ebd54fc6f2fcc50'}], '__v': 0}, {'_id': '663a27f24ebd54fc6f2fcc59', 'departmentName': 'CANXVVJGDEP', 'costCenter': {'_id': '65855af6a2d3ae70485da0b7', 'costCenterName': 'Quantitativos', 'costCenterCode': '27.01', 'board': '65855acfa2d3ae70485da0ae', 'status': True, 'audit': [{'registeredBy': {'userId': '65330c1efb8f3dad13a6808b', 'userLogin': 'sysadmin@qacoders.com'}, 'registrationDate': 'sexta-feira, 22/12/2023, 06:46:30 BRT', '_id': '65855af6a2d3ae70485da0b8'}], '__v': 0}, 'status': True, 'audit': [{'registeredBy': {'userId': '65330c1efb8f3dad13a6808b', 'userLogin': 'sysadmin@qacoders.com'}, 'registrationDate': 'terça-feira, 07/05/2024, 10:09:06 BRT', '_id': '663a27f24ebd54fc6f2fcc5a'}], '__v': 0}, {'_id': '663a27f34ebd54fc6f2fcc63', 'departmentName': 'zaqoydelvdepar&amp;', 'costCenter': {'_id': '65855af6a2d3ae70485da0b7', 'costCenterName': 'Quantitativos', 'costCenterCode': '27.01', 'board': '65855acfa2d3ae70485da0ae', 'status': True, 'audit': [{'registeredBy': {'userId': '65330c1efb8f3dad13a6808b', 'userLogin': 'sysadmin@qacoders.com'}, 'registrationDate': 'sexta-feira, 22/12/2023, 06:46:30 BRT', '_id': '65855af6a2d3ae70485da0b8'}], '__v': 0}, 'status': True, 'audit': [{'registeredBy': {'userId': '65330c1efb8f3dad13a6808b', 'userLogin': 'sysadmin@qacoders.com'}, 'registrationDate': 'terça-feira, 07/05/2024, 10:09:07 BRT', '_id': '663a27f34ebd54fc6f2fcc64'}], '__v': 0}, {'_id': '663a27f34ebd54fc6f2fcc6d', 'departmentName': 'ffwntynoidepar&amp;', 'costCenter': {'_id': '65855af6a2d3ae70485da0b7', 'costCenterName': 'Quantitativos', 'costCenterCode': '27.01', 'board': '65855acfa2d3ae70485da0ae', 'status': True, 'audit': [{'registeredBy': {'userId': '65330c1efb8f3dad13a6808b', 'userLogin': 'sysadmin@qacoders.com'}, 'registrationDate': 'sexta-feira, 22/12/2023, 06:46:30 BRT', '_id': '65855af6a2d3ae70485da0b8'}], '__v': 0}, 'status': True, 'audit': [{'registeredBy': {'userId': '65330c1efb8f3dad13a6808b', 'userLogin': 'sysadmin@qacoders.com'}, 'registrationDate': 'terça-feira, 07/05/2024, 10:09:07 BRT', '_id': '663a27f34ebd54fc6f2fcc6e'}], '__v': 0}, {'_id': '663a27f54ebd54fc6f2fcc7f', 'departmentName': 'fgfpxrgksfuhlvzxfpkhwmhrmuszjtwufykaqtojuqzhxykmoe', 'costCenter': {'_id': '65855af6a2d3ae70485da0b7', 'costCenterName': 'Quantitativos', 'costCenterCode': '27.01', 'board': '65855acfa2d3ae70485da0ae', 'status': True, 'audit': [{'registeredBy': {'userId': '65330c1efb8f3dad13a6808b', 'userLogin': 'sysadmin@qacoders.com'}, 'registrationDate': 'sexta-feira, 22/12/2023, 06:46:30 BRT', '_id': '65855af6a2d3ae70485da0b8'}], '__v': 0}, 'status': True, 'audit': [{'registeredBy': {'userId': '65330c1efb8f3dad13a6808b', 'userLogin': 'sysadmin@qacoders.com'}, 'registrationDate': 'terça-feira, 07/05/2024, 10:09:09 BRT', '_id': '663a27f54ebd54fc6f2fcc80'}], '__v': 0}, {'_id': '663a39784ebd54fc6f2fd011', 'departmentName': 'glmurtbawzdepmen', 'costCenter': {'_id': '65855af6a2d3ae70485da0b7', 'costCenterName': 'Quantitativos', 'costCenterCode': '27.01', 'board': '65855acfa2d3ae70485da0ae', 'status': True, 'audit': [{'registeredBy': {'userId': '65330c1efb8f3dad13a6808b', 'userLogin': 'sysadmin@qacoders.com'}, 'registrationDate': 'sexta-feira, 22/12/2023, 06:46:30 BRT', '_id': '65855af6a2d3ae70485da0b8'}], '__v': 0}, 'status': True, 'audit': [{'registeredBy': {'userId': '65330c1efb8f3dad13a6808b', 'userLogin': 'sysadmin@qacoders.com'}, 'registrationDate': 'terça-feira, 07/05/2024, 11:23:52 BRT', '_id': '663a39784ebd54fc6f2fd012'}], '__v': 0}, {'_id': '663a39784ebd54fc6f2fd01b', 'departmentName': 'QEQGFLRVDEP', 'costCenter': {'_id': '65855af6a2d3ae70485da0b7', 'costCenterName': 'Quantitativos', 'costCenterCode': '27.01', 'board': '65855acfa2d3ae70485da0ae', 'status': True, 'audit': [{'registeredBy': {'userId': '65330c1efb8f3dad13a6808b', 'userLogin': 'sysadmin@qacoders.com'}, 'registrationDate': 'sexta-feira, 22/12/2023, 06:46:30 BRT', '_id': '65855af6a2d3ae70485da0b8'}], '__v': 0}, 'status': True, 'audit': [{'registeredBy': {'userId': '65330c1efb8f3dad13a6808b', 'userLogin': 'sysadmin@qacoders.com'}, 'registrationDate': 'terça-feira, 07/05/2024, 11:23:52 BRT', '_id': '663a39784ebd54fc6f2fd01c'}], '__v': 0}, {'_id': '663a39794ebd54fc6f2fd025', 'departmentName': 'fwgpoxbcldepar&amp;', 'costCenter': {'_id': '65855af6a2d3ae70485da0b7', 'costCenterName': 'Quantitativos', 'costCenterCode': '27.01', 'board': '65855acfa2d3ae70485da0ae', 'status': True, 'audit': [{'registeredBy': {'userId': '65330c1efb8f3dad13a6808b', 'userLogin': 'sysadmin@qacoders.com'}, 'registrationDate': 'sexta-feira, 22/12/2023, 06:46:30 BRT', '_id': '65855af6a2d3ae70485da0b8'}], '__v': 0}, 'status': True, 'audit': [{'registeredBy': {'userId': '65330c1efb8f3dad13a6808b', 'userLogin': 'sysadmin@qacoders.com'}, 'registrationDate': 'terça-feira, 07/05/2024, 11:23:53 BRT', '_id': '663a39794ebd54fc6f2fd026'}], '__v': 0}, {'_id': '663a39794ebd54fc6f2fd02f', 'departmentName': 'wgvkqmwrgdepar&amp;', 'costCenter': {'_id': '65855af6a2d3ae70485da0b7', 'costCenterName': 'Quantitativos', 'costCenterCode': '27.01', 'board': '65855acfa2d3ae70485da0ae', 'status': True, 'audit': [{'registeredBy': {'userId': '65330c1efb8f3dad13a6808b', 'userLogin': 'sysadmin@qacoders.com'}, 'registrationDate': 'sexta-feira, 22/12/2023, 06:46:30 BRT', '_id': '65855af6a2d3ae70485da0b8'}], '__v': 0}, 'status': True, 'audit': [{'registeredBy': {'userId': '65330c1efb8f3dad13a6808b', 'userLogin': 'sysadmin@qacoders.com'}, 'registrationDate': 'terça-feira, 07/05/2024, 11:23:53 BRT', '_id': '663a39794ebd54fc6f2fd030'}], '__v': 0}, {'_id': '663a397b4ebd54fc6f2fd041', 'departmentName': 'wtfvtkhtbqpnlsysuljqhdnuhydfkejsevovlfngastlkwtwpz', 'costCenter': {'_id': '65855af6a2d3ae70485da0b7', 'costCenterName': 'Quantitativos', 'costCenterCode': '27.01', 'board': '65855acfa2d3ae70485da0ae', 'status': True, 'audit': [{'registeredBy': {'userId': '65330c1efb8f3dad13a6808b', 'userLogin': 'sysadmin@qacoders.com'}, 'registrationDate': 'sexta-feira, 22/12/2023, 06:46:30 BRT', '_id': '65855af6a2d3ae70485da0b8'}], '__v': 0}, 'status': True, 'audit': [{'registeredBy': {'userId': '65330c1efb8f3dad13a6808b', 'userLogin': 'sysadmin@qacoders.com'}, 'registrationDate': 'terça-feira, 07/05/2024, 11:23:55 BRT', '_id': '663a397b4ebd54fc6f2fd042'}], '__v': 0}, {'_id': '663a3a244ebd54fc6f2fd3df', 'departmentName': 'tkacwarkfhdepmen', 'costCenter': {'_id': '65855af6a2d3ae70485da0b7', 'costCenterName': 'Quantitativos', 'costCenterCode': '27.01', 'board': '65855acfa2d3ae70485da0ae', 'status': True, 'audit': [{'registeredBy': {'userId': '65330c1efb8f3dad13a6808b', 'userLogin': 'sysadmin@qacoders.com'}, 'registrationDate': 'sexta-feira, 22/12/2023, 06:46:30 BRT', '_id': '65855af6a2d3ae70485da0b8'}], '__v': 0}, 'status': True, 'audit': [{'registeredBy': {'userId': '65330c1efb8f3dad13a6808b', 'userLogin': 'sysadmin@qacoders.com'}, 'registrationDate': 'terça-feira, 07/05/2024, 11:26:44 BRT', '_id': '663a3a244ebd54fc6f2fd3e0'}], '__v': 0}, {'_id': '663a3a494ebd54fc6f2fd3e9', 'departmentName': 'sjuzsovzesdepmen', 'costCenter': {'_id': '65855af6a2d3ae70485da0b7', 'costCenterName': 'Quantitativos', 'costCenterCode': '27.01', 'board': '65855acfa2d3ae70485da0ae', 'status': True, 'audit': [{'registeredBy': {'userId': '65330c1efb8f3dad13a6808b', 'userLogin': 'sysadmin@qacoders.com'}, 'registrationDate': 'sexta-feira, 22/12/2023, 06:46:30 BRT', '_id': '65855af6a2d3ae70485da0b8'}], '__v': 0}, 'status': True, 'audit': [{'registeredBy': {'userId': '65330c1efb8f3dad13a6808b', 'userLogin': 'sysadmin@qacoders.com'}, 'registrationDate': 'terça-feira, 07/05/2024, 11:27:21 BRT', '_id': '663a3a494ebd54fc6f2fd3ea'}], '__v': 0}, {'_id': '663a3a494ebd54fc6f2fd3f3', 'departmentName': 'VJYYDBHLDEP', 'costCenter': {'_id': '65855af6a2d3ae70485da0b7', 'costCenterName': 'Quantitativos', 'costCenterCode': '27.01', 'board': '65855acfa2d3ae70485da0ae', 'status': True, 'audit': [{'registeredBy': {'userId': '65330c1efb8f3dad13a6808b', 'userLogin': 'sysadmin@qacoders.com'}, 'registrationDate': 'sexta-feira, 22/12/2023, 06:46:30 BRT', '_id': '65855af6a2d3ae70485da0b8'}], '__v': 0}, 'status': True, 'audit': [{'registeredBy': {'userId': '65330c1efb8f3dad13a6808b', 'userLogin': 'sysadmin@qacoders.com'}, 'registrationDate': 'terça-feira, 07/05/2024, 11:27:21 BRT', '_id': '663a3a494ebd54fc6f2fd3f4'}], '__v': 0}, {'_id': '663a3a4a4ebd54fc6f2fd3fd', 'departmentName': 'gfvwnarptdepar&amp;', 'costCenter': {'_id': '65855af6a2d3ae70485da0b7', 'costCenterName': 'Quantitativos', 'costCenterCode': '27.01', 'board': '65855acfa2d3ae70485da0ae', 'status': True, 'audit': [{'registeredBy': {'userId': '65330c1efb8f3dad13a6808b', 'userLogin': 'sysadmin@qacoders.com'}, 'registrationDate': 'sexta-feira, 22/12/2023, 06:46:30 BRT', '_id': '65855af6a2d3ae70485da0b8'}], '__v': 0}, 'status': True, 'audit': [{'registeredBy': {'userId': '65330c1efb8f3dad13a6808b', 'userLogin': 'sysadmin@qacoders.com'}, 'registrationDate': 'terça-feira, 07/05/2024, 11:27:22 BRT', '_id': '663a3a4a4ebd54fc6f2fd3fe'}], '__v': 0}, {'_id': '663a3a4a4ebd54fc6f2fd407', 'departmentName': 'xznimzwnsdepar&amp;', 'costCenter': {'_id': '65855af6a2d3ae70485da0b7', 'costCenterName': 'Quantitativos', 'costCenterCode': '27.01', 'board': '65855acfa2d3ae70485da0ae', 'status': True, 'audit': [{'registeredBy': {'userId': '65330c1efb8f3dad13a6808b', 'userLogin': 'sysadmin@qacoders.com'}, 'registrationDate': 'sexta-feira, 22/12/2023, 06:46:30 BRT', '_id': '65855af6a2d3ae70485da0b8'}], '__v': 0}, 'status': True, 'audit': [{'registeredBy': {'userId': '65330c1efb8f3dad13a6808b', 'userLogin': 'sysadmin@qacoders.com'}, 'registrationDate': 'terça-feira, 07/05/2024, 11:27:22 BRT', '_id': '663a3a4a4ebd54fc6f2fd408'}], '__v': 0}, {'_id': '663a3a4c4ebd54fc6f2fd419', 'departmentName': 'mmtvzqhmjmzrvcreqqairkswylnldncxwekfwjgffdmuzuddnk', 'costCenter': {'_id': '65855af6a2d3ae70485da0b7', 'costCenterName': 'Quantitativos', 'costCenterCode': '27.01', 'board': '65855acfa2d3ae70485da0ae', 'status': True, 'audit': [{'registeredBy': {'userId': '65330c1efb8f3dad13a6808b', 'userLogin': 'sysadmin@qacoders.com'}, 'registrationDate': 'sexta-feira, 22/12/2023, 06:46:30 BRT', '_id': '65855af6a2d3ae70485da0b8'}], '__v': 0}, 'status': True, 'audit': [{'registeredBy': {'userId': '65330c1efb8f3dad13a6808b', 'userLogin': 'sysadmin@qacoders.com'}, 'registrationDate': 'terça-feira, 07/05/2024, 11:27:24 BRT', '_id': '663a3a4c4ebd54fc6f2fd41a'}], '__v': 0}, {'_id': '663a3a4c4ebd54fc6f2fd423', 'departmentName': 'gvcjtijumwdepmen', 'costCenter': {'_id': '65855af6a2d3ae70485da0b7', 'costCenterName': 'Quantitativos', 'costCenterCode': '27.01', 'board': '65855acfa2d3ae70485da0ae', 'status': True, 'audit': [{'registeredBy': {'userId': '65330c1efb8f3dad13a6808b', 'userLogin': 'sysadmin@qacoders.com'}, 'registrationDate': 'sexta-feira, 22/12/2023, 06:46:30 BRT', '_id': '65855af6a2d3ae70485da0b8'}], '__v': 0}, 'status': True, 'audit': [{'registeredBy': {'userId': '65330c1efb8f3dad13a6808b', 'userLogin': 'sysadmin@qacoders.com'}, 'registrationDate': 'terça-feira, 07/05/2024, 11:27:24 BRT', '_id': '663a3a4c4ebd54fc6f2fd424'}], '__v': 0}]</msg>
<arg>${response.json()}</arg>
<doc>Logs the given message with the given level.</doc>
<status status="PASS" start="2024-05-07T11:27:08.278740" elapsed="0.022941"/>
</kw>
<kw name="Set Test Variable" owner="BuiltIn">
<msg time="2024-05-07T11:27:08.314681" level="INFO">${ID_USUARIO} = [{'_id': '658206a8a2d3ae70485d9b7b', 'departmentName': 'Ações', 'costCenter': {'_id': '658202daa2d3ae70485d9b73', 'costCenterName': 'Financeiro', 'costCenterCode': '25.01', 'board': '6581becea2d3ae704...</msg>
<arg>${ID_USUARIO}</arg>
<arg>${response.json()}</arg>
<doc>Makes a variable available everywhere within the scope of the current test.</doc>
<status status="PASS" start="2024-05-07T11:27:08.302841" elapsed="0.011929"/>
</kw>
<status status="PASS" start="2024-05-07T11:27:08.014316" elapsed="0.300543"/>
</kw>
<status status="PASS" start="2024-05-07T11:27:07.702680" elapsed="0.612309"/>
</test>
<status status="PASS" start="2024-05-07T11:27:03.718956" elapsed="4.596356"/>
</suite>
<statistics>
<total>
<stat pass="12" fail="0" skip="0">All Tests</stat>
</total>
<tag>
</tag>
<suite>
<stat pass="12" fail="0" skip="0" id="s1" name="Departamento">Departamento</stat>
</suite>
</statistics>
<errors>
</errors>
</robot>
